2021-11-20 12:36:05,355:INFO:PyCaret Supervised Module
2021-11-20 12:36:05,355:INFO:ML Usecase: regression
2021-11-20 12:36:05,355:INFO:version 2.3.3
2021-11-20 12:36:05,355:INFO:Initializing setup()
2021-11-20 12:36:05,355:INFO:setup(target=PE, ml_usecase=regression, available_plots={'parameter': 'Hyperparameters', 'residuals': 'Residuals', 'error': 'Prediction Error', 'cooks': 'Cooks Distance', 'rfe': 'Feature Selection', 'learning': 'Learning Curve', 'manifold': 'Manifold Learning', 'vc': 'Validation Curve', 'feature': 'Feature Importance', 'feature_all': 'Feature Importance (All)', 'tree': 'Decision Tree', 'residuals_interactive': 'Interactive Residuals'}, train_size=0.8, test_data=None, preprocess=True, imputation_type=simple, iterative_imputation_iters=5, categorical_features=None, categorical_imputation=constant, categorical_iterative_imputer=lightgbm, ordinal_features=None, high_cardinality_features=None, high_cardinality_method=frequency, numeric_features=None, numeric_imputation=mean, numeric_iterative_imputer=lightgbm, date_features=None, ignore_features=None, normalize=True, normalize_method=zscore, transformation=False, transformation_method=yeo-johnson, handle_unknown_categorical=True, unknown_categorical_method=least_frequent, pca=False, pca_method=linear, pca_components=None, ignore_low_variance=False, combine_rare_levels=False, rare_level_threshold=0.1, bin_numeric_features=None, remove_outliers=False, outliers_threshold=0.05, remove_multicollinearity=False, multicollinearity_threshold=0.9, remove_perfect_collinearity=True, create_clusters=False, cluster_iter=20, polynomial_features=False, polynomial_degree=2, trigonometry_features=False, polynomial_threshold=0.1, group_features=None, group_names=None, feature_selection=False, feature_selection_threshold=0.8, feature_selection_method=classic, feature_interaction=False, feature_ratio=False, interaction_threshold=0.01, fix_imbalance=False, fix_imbalance_method=None, transform_target=False, transform_target_method=box-cox, data_split_shuffle=True, data_split_stratify=False, fold_strategy=kfold, fold=10, fold_shuffle=False, fold_groups=None, n_jobs=-1, use_gpu=False, custom_pipeline=None, html=True, session_id=0, log_experiment=False, experiment_name=None, log_plots=False, log_profile=False, log_data=False, silent=False, verbose=True, profile=False, profile_kwargs=None, display=None)
2021-11-20 12:36:05,355:INFO:Checking environment
2021-11-20 12:36:05,355:INFO:python_version: 3.8.8
2021-11-20 12:36:05,355:INFO:python_build: ('default', 'Apr 13 2021 15:08:03')
2021-11-20 12:36:05,355:INFO:machine: AMD64
2021-11-20 12:36:05,355:INFO:platform: Windows-10-10.0.19041-SP0
2021-11-20 12:36:05,355:INFO:Memory: svmem(total=17056563200, available=12350095360, percent=27.6, used=4706467840, free=12350095360)
2021-11-20 12:36:05,355:INFO:Physical Core: 2
2021-11-20 12:36:05,355:INFO:Logical Core: 4
2021-11-20 12:36:05,355:INFO:Checking libraries
2021-11-20 12:36:05,355:INFO:pd==1.2.4
2021-11-20 12:36:05,355:INFO:numpy==1.19.5
2021-11-20 12:36:05,370:INFO:sklearn==0.23.2
2021-11-20 12:36:05,370:INFO:lightgbm==3.2.1
2021-11-20 12:36:05,602:INFO:catboost==0.26
2021-11-20 12:36:05,716:INFO:xgboost==1.4.2
2021-11-20 12:36:06,386:INFO:mlflow==1.17.0
2021-11-20 12:36:06,386:INFO:Checking Exceptions
2021-11-20 12:36:06,386:INFO:Declaring global variables
2021-11-20 12:36:06,386:INFO:USI: daba
2021-11-20 12:36:06,386:INFO:pycaret_globals: {'transform_target_method_param', 'imputation_classifier', 'USI', 'transform_target_param', 'fold_param', 'iterative_imputation_iters_param', 'logging_param', 'n_jobs_param', 'html_param', 'fix_imbalance_param', 'experiment__', '_ml_usecase', 'y_test', 'fold_generator', 'X_test', 'stratify_param', 'X', '_all_metrics', 'prep_pipe', '_all_models_internal', 'exp_name_log', 'log_plots_param', 'fold_groups_param', '_internal_pipeline', 'fold_shuffle_param', '_available_plots', 'create_model_container', 'pycaret_globals', 'fix_imbalance_method_param', 'display_container', 'gpu_param', 'data_before_preprocess', '_all_models', '_gpu_n_jobs_param', 'master_model_container', 'seed', 'X_train', 'y_train', 'fold_groups_param_full', 'target_param', 'y', 'imputation_regressor'}
2021-11-20 12:36:06,386:INFO:Preparing display monitor
2021-11-20 12:36:06,386:INFO:Preparing display monitor
2021-11-20 12:36:06,402:INFO:Importing libraries
2021-11-20 12:36:06,402:INFO:Copying data for preprocessing
2021-11-20 12:36:06,417:INFO:Declaring preprocessing parameters
2021-11-20 12:36:06,417:INFO:Creating preprocessing pipeline
2021-11-20 12:36:06,433:INFO:Preprocessing pipeline created successfully
2021-11-20 12:36:06,433:ERROR:(Process Exit): setup has been interupted with user command 'quit'. setup must rerun.
2021-11-20 12:36:06,433:INFO:Creating global containers
2021-11-20 12:36:06,433:INFO:Internal pipeline: Pipeline(memory=None, steps=[('empty_step', 'passthrough')], verbose=False)
2021-11-20 12:36:10,744:INFO:Creating grid variables
2021-11-20 12:36:10,775:INFO:create_model_container: 0
2021-11-20 12:36:10,775:INFO:master_model_container: 0
2021-11-20 12:36:10,775:INFO:display_container: 1
2021-11-20 12:36:10,791:INFO:Pipeline(memory=None,
         steps=[('dtypes',
                 DataTypes_Auto_infer(categorical_features=[],
                                      display_types=True, features_todrop=[],
                                      id_columns=[], ml_usecase='regression',
                                      numerical_features=[], target='PE',
                                      time_features=[])),
                ('imputer',
                 Simple_Imputer(categorical_strategy='not_available',
                                fill_value_categorical=None,
                                fill_value_numerical=None,
                                numeric_strategy='mea...
                                                  target='PE')),
                ('P_transform', 'passthrough'), ('binn', 'passthrough'),
                ('rem_outliers', 'passthrough'), ('cluster_all', 'passthrough'),
                ('dummy', Dummify(target='PE')),
                ('fix_perfect', Remove_100(target='PE')),
                ('clean_names', Clean_Colum_Names()),
                ('feature_select', 'passthrough'), ('fix_multi', 'passthrough'),
                ('dfs', 'passthrough'), ('pca', 'passthrough')],
         verbose=False)
2021-11-20 12:36:10,791:INFO:setup() succesfully completed......................................
2021-11-20 12:37:07,490:INFO:Initializing compare_models()
2021-11-20 12:37:07,490:INFO:compare_models(include=None, fold=5, round=4, cross_validation=True, sort=R2, n_select=1, budget_time=None, turbo=True, errors=ignore, fit_kwargs=None, groups=None, verbose=True, display=None, exclude=['omp', 'br', 'ard', 'par', 'ransac', 'tr', 'huber', 'kr', 'mlp', 'xgboost', 'lightgbm', 'catboost'])
2021-11-20 12:37:07,490:INFO:Checking exceptions
2021-11-20 12:37:07,490:INFO:Preparing display monitor
2021-11-20 12:37:07,490:INFO:Preparing display monitor
2021-11-20 12:37:07,528:INFO:Initializing Linear Regression
2021-11-20 12:37:07,528:INFO:Total runtime is 0.0 minutes
2021-11-20 12:37:07,543:INFO:SubProcess create_model() called ==================================
2021-11-20 12:37:07,543:INFO:Initializing create_model()
2021-11-20 12:37:07,543:INFO:create_model(estimator=lr, fold=KFold(n_splits=5, random_state=None, shuffle=False), round=4, cross_validation=True, predict=True, fit_kwargs={}, groups=None, refit=False, verbose=False, system=False, metrics=None, display=<pycaret.internal.Display.Display object at 0x000001F20DF32CD0>, kwargs={})
2021-11-20 12:37:07,543:INFO:Checking exceptions
2021-11-20 12:37:07,543:INFO:Importing libraries
2021-11-20 12:37:07,543:INFO:Copying training dataset
2021-11-20 12:37:07,543:INFO:Defining folds
2021-11-20 12:37:07,543:INFO:Declaring metric variables
2021-11-20 12:37:07,559:INFO:Importing untrained model
2021-11-20 12:37:07,574:INFO:Linear Regression Imported succesfully
2021-11-20 12:37:07,597:INFO:Starting cross validation
2021-11-20 12:37:07,612:INFO:Cross validating with KFold(n_splits=5, random_state=None, shuffle=False), n_jobs=-1
2021-11-20 12:37:13,007:INFO:Calculating mean and std
2021-11-20 12:37:13,007:INFO:Creating metrics dataframe
2021-11-20 12:37:13,023:INFO:Uploading results into container
2021-11-20 12:37:13,023:INFO:Uploading model into container now
2021-11-20 12:37:13,023:INFO:create_model_container: 1
2021-11-20 12:37:13,023:INFO:master_model_container: 1
2021-11-20 12:37:13,023:INFO:display_container: 2
2021-11-20 12:37:13,023:INFO:LinearRegression(copy_X=True, fit_intercept=True, n_jobs=-1, normalize=False)
2021-11-20 12:37:13,023:INFO:create_model() succesfully completed......................................
2021-11-20 12:37:13,250:INFO:SubProcess create_model() end ==================================
2021-11-20 12:37:13,250:INFO:Creating metrics dataframe
2021-11-20 12:37:13,270:INFO:Initializing Lasso Regression
2021-11-20 12:37:13,270:INFO:Total runtime is 0.09570542971293132 minutes
2021-11-20 12:37:13,278:INFO:SubProcess create_model() called ==================================
2021-11-20 12:37:13,288:INFO:Initializing create_model()
2021-11-20 12:37:13,288:INFO:create_model(estimator=lasso, fold=KFold(n_splits=5, random_state=None, shuffle=False), round=4, cross_validation=True, predict=True, fit_kwargs={}, groups=None, refit=False, verbose=False, system=False, metrics=None, display=<pycaret.internal.Display.Display object at 0x000001F20DF32CD0>, kwargs={})
2021-11-20 12:37:13,288:INFO:Checking exceptions
2021-11-20 12:37:13,288:INFO:Importing libraries
2021-11-20 12:37:13,288:INFO:Copying training dataset
2021-11-20 12:37:13,288:INFO:Defining folds
2021-11-20 12:37:13,288:INFO:Declaring metric variables
2021-11-20 12:37:13,304:INFO:Importing untrained model
2021-11-20 12:37:13,319:INFO:Lasso Regression Imported succesfully
2021-11-20 12:37:13,351:INFO:Starting cross validation
2021-11-20 12:37:13,351:INFO:Cross validating with KFold(n_splits=5, random_state=None, shuffle=False), n_jobs=-1
2021-11-20 12:37:13,420:INFO:Calculating mean and std
2021-11-20 12:37:13,420:INFO:Creating metrics dataframe
2021-11-20 12:37:13,420:INFO:Uploading results into container
2021-11-20 12:37:13,420:INFO:Uploading model into container now
2021-11-20 12:37:13,420:INFO:create_model_container: 2
2021-11-20 12:37:13,420:INFO:master_model_container: 2
2021-11-20 12:37:13,420:INFO:display_container: 2
2021-11-20 12:37:13,420:INFO:Lasso(alpha=1.0, copy_X=True, fit_intercept=True, max_iter=1000,
      normalize=False, positive=False, precompute=False, random_state=0,
      selection='cyclic', tol=0.0001, warm_start=False)
2021-11-20 12:37:13,420:INFO:create_model() succesfully completed......................................
2021-11-20 12:37:13,651:INFO:SubProcess create_model() end ==================================
2021-11-20 12:37:13,651:INFO:Creating metrics dataframe
2021-11-20 12:37:13,667:INFO:Initializing Ridge Regression
2021-11-20 12:37:13,667:INFO:Total runtime is 0.10232184330622356 minutes
2021-11-20 12:37:13,683:INFO:SubProcess create_model() called ==================================
2021-11-20 12:37:13,689:INFO:Initializing create_model()
2021-11-20 12:37:13,689:INFO:create_model(estimator=ridge, fold=KFold(n_splits=5, random_state=None, shuffle=False), round=4, cross_validation=True, predict=True, fit_kwargs={}, groups=None, refit=False, verbose=False, system=False, metrics=None, display=<pycaret.internal.Display.Display object at 0x000001F20DF32CD0>, kwargs={})
2021-11-20 12:37:13,689:INFO:Checking exceptions
2021-11-20 12:37:13,689:INFO:Importing libraries
2021-11-20 12:37:13,689:INFO:Copying training dataset
2021-11-20 12:37:13,689:INFO:Defining folds
2021-11-20 12:37:13,689:INFO:Declaring metric variables
2021-11-20 12:37:13,705:INFO:Importing untrained model
2021-11-20 12:37:13,720:INFO:Ridge Regression Imported succesfully
2021-11-20 12:37:13,752:INFO:Starting cross validation
2021-11-20 12:37:13,752:INFO:Cross validating with KFold(n_splits=5, random_state=None, shuffle=False), n_jobs=-1
2021-11-20 12:37:13,821:INFO:Calculating mean and std
2021-11-20 12:37:13,821:INFO:Creating metrics dataframe
2021-11-20 12:37:13,836:INFO:Uploading results into container
2021-11-20 12:37:13,836:INFO:Uploading model into container now
2021-11-20 12:37:13,836:INFO:create_model_container: 3
2021-11-20 12:37:13,836:INFO:master_model_container: 3
2021-11-20 12:37:13,836:INFO:display_container: 2
2021-11-20 12:37:13,836:INFO:Ridge(alpha=1.0, copy_X=True, fit_intercept=True, max_iter=None,
      normalize=False, random_state=0, solver='auto', tol=0.001)
2021-11-20 12:37:13,836:INFO:create_model() succesfully completed......................................
2021-11-20 12:37:14,052:INFO:SubProcess create_model() end ==================================
2021-11-20 12:37:14,052:INFO:Creating metrics dataframe
2021-11-20 12:37:14,068:INFO:Initializing Elastic Net
2021-11-20 12:37:14,068:INFO:Total runtime is 0.10900608698527019 minutes
2021-11-20 12:37:14,090:INFO:SubProcess create_model() called ==================================
2021-11-20 12:37:14,090:INFO:Initializing create_model()
2021-11-20 12:37:14,090:INFO:create_model(estimator=en, fold=KFold(n_splits=5, random_state=None, shuffle=False), round=4, cross_validation=True, predict=True, fit_kwargs={}, groups=None, refit=False, verbose=False, system=False, metrics=None, display=<pycaret.internal.Display.Display object at 0x000001F20DF32CD0>, kwargs={})
2021-11-20 12:37:14,090:INFO:Checking exceptions
2021-11-20 12:37:14,090:INFO:Importing libraries
2021-11-20 12:37:14,090:INFO:Copying training dataset
2021-11-20 12:37:14,090:INFO:Defining folds
2021-11-20 12:37:14,090:INFO:Declaring metric variables
2021-11-20 12:37:14,106:INFO:Importing untrained model
2021-11-20 12:37:14,106:INFO:Elastic Net Imported succesfully
2021-11-20 12:37:14,137:INFO:Starting cross validation
2021-11-20 12:37:14,137:INFO:Cross validating with KFold(n_splits=5, random_state=None, shuffle=False), n_jobs=-1
2021-11-20 12:37:14,206:INFO:Calculating mean and std
2021-11-20 12:37:14,206:INFO:Creating metrics dataframe
2021-11-20 12:37:14,222:INFO:Uploading results into container
2021-11-20 12:37:14,222:INFO:Uploading model into container now
2021-11-20 12:37:14,222:INFO:create_model_container: 4
2021-11-20 12:37:14,222:INFO:master_model_container: 4
2021-11-20 12:37:14,222:INFO:display_container: 2
2021-11-20 12:37:14,222:INFO:ElasticNet(alpha=1.0, copy_X=True, fit_intercept=True, l1_ratio=0.5,
           max_iter=1000, normalize=False, positive=False, precompute=False,
           random_state=0, selection='cyclic', tol=0.0001, warm_start=False)
2021-11-20 12:37:14,222:INFO:create_model() succesfully completed......................................
2021-11-20 12:37:14,438:INFO:SubProcess create_model() end ==================================
2021-11-20 12:37:14,438:INFO:Creating metrics dataframe
2021-11-20 12:37:14,453:INFO:Initializing Least Angle Regression
2021-11-20 12:37:14,453:INFO:Total runtime is 0.11542907555898031 minutes
2021-11-20 12:37:14,469:INFO:SubProcess create_model() called ==================================
2021-11-20 12:37:14,469:INFO:Initializing create_model()
2021-11-20 12:37:14,469:INFO:create_model(estimator=lar, fold=KFold(n_splits=5, random_state=None, shuffle=False), round=4, cross_validation=True, predict=True, fit_kwargs={}, groups=None, refit=False, verbose=False, system=False, metrics=None, display=<pycaret.internal.Display.Display object at 0x000001F20DF32CD0>, kwargs={})
2021-11-20 12:37:14,469:INFO:Checking exceptions
2021-11-20 12:37:14,469:INFO:Importing libraries
2021-11-20 12:37:14,469:INFO:Copying training dataset
2021-11-20 12:37:14,469:INFO:Defining folds
2021-11-20 12:37:14,469:INFO:Declaring metric variables
2021-11-20 12:37:14,491:INFO:Importing untrained model
2021-11-20 12:37:14,507:INFO:Least Angle Regression Imported succesfully
2021-11-20 12:37:14,522:INFO:Starting cross validation
2021-11-20 12:37:14,538:INFO:Cross validating with KFold(n_splits=5, random_state=None, shuffle=False), n_jobs=-1
2021-11-20 12:37:14,607:INFO:Calculating mean and std
2021-11-20 12:37:14,607:INFO:Creating metrics dataframe
2021-11-20 12:37:14,607:INFO:Uploading results into container
2021-11-20 12:37:14,607:INFO:Uploading model into container now
2021-11-20 12:37:14,607:INFO:create_model_container: 5
2021-11-20 12:37:14,607:INFO:master_model_container: 5
2021-11-20 12:37:14,607:INFO:display_container: 2
2021-11-20 12:37:14,607:INFO:Lars(copy_X=True, eps=2.220446049250313e-16, fit_intercept=True, fit_path=True,
     jitter=None, n_nonzero_coefs=500, normalize=True, precompute='auto',
     random_state=0, verbose=False)
2021-11-20 12:37:14,607:INFO:create_model() succesfully completed......................................
2021-11-20 12:37:14,823:INFO:SubProcess create_model() end ==================================
2021-11-20 12:37:14,823:INFO:Creating metrics dataframe
2021-11-20 12:37:14,854:INFO:Initializing Lasso Least Angle Regression
2021-11-20 12:37:14,854:INFO:Total runtime is 0.12211257219314575 minutes
2021-11-20 12:37:14,854:INFO:SubProcess create_model() called ==================================
2021-11-20 12:37:14,854:INFO:Initializing create_model()
2021-11-20 12:37:14,854:INFO:create_model(estimator=llar, fold=KFold(n_splits=5, random_state=None, shuffle=False), round=4, cross_validation=True, predict=True, fit_kwargs={}, groups=None, refit=False, verbose=False, system=False, metrics=None, display=<pycaret.internal.Display.Display object at 0x000001F20DF32CD0>, kwargs={})
2021-11-20 12:37:14,854:INFO:Checking exceptions
2021-11-20 12:37:14,854:INFO:Importing libraries
2021-11-20 12:37:14,854:INFO:Copying training dataset
2021-11-20 12:37:14,870:INFO:Defining folds
2021-11-20 12:37:14,870:INFO:Declaring metric variables
2021-11-20 12:37:14,870:INFO:Importing untrained model
2021-11-20 12:37:14,892:INFO:Lasso Least Angle Regression Imported succesfully
2021-11-20 12:37:14,923:INFO:Starting cross validation
2021-11-20 12:37:14,923:INFO:Cross validating with KFold(n_splits=5, random_state=None, shuffle=False), n_jobs=-1
2021-11-20 12:37:14,992:INFO:Calculating mean and std
2021-11-20 12:37:14,992:INFO:Creating metrics dataframe
2021-11-20 12:37:14,992:INFO:Uploading results into container
2021-11-20 12:37:14,992:INFO:Uploading model into container now
2021-11-20 12:37:14,992:INFO:create_model_container: 6
2021-11-20 12:37:14,992:INFO:master_model_container: 6
2021-11-20 12:37:14,992:INFO:display_container: 2
2021-11-20 12:37:14,992:INFO:LassoLars(alpha=1.0, copy_X=True, eps=2.220446049250313e-16, fit_intercept=True,
          fit_path=True, jitter=None, max_iter=500, normalize=True,
          positive=False, precompute='auto', random_state=0, verbose=False)
2021-11-20 12:37:14,992:INFO:create_model() succesfully completed......................................
2021-11-20 12:37:15,224:INFO:SubProcess create_model() end ==================================
2021-11-20 12:37:15,224:INFO:Creating metrics dataframe
2021-11-20 12:37:15,240:INFO:Initializing K Neighbors Regressor
2021-11-20 12:37:15,240:INFO:Total runtime is 0.1285355488459269 minutes
2021-11-20 12:37:15,255:INFO:SubProcess create_model() called ==================================
2021-11-20 12:37:15,255:INFO:Initializing create_model()
2021-11-20 12:37:15,255:INFO:create_model(estimator=knn, fold=KFold(n_splits=5, random_state=None, shuffle=False), round=4, cross_validation=True, predict=True, fit_kwargs={}, groups=None, refit=False, verbose=False, system=False, metrics=None, display=<pycaret.internal.Display.Display object at 0x000001F20DF32CD0>, kwargs={})
2021-11-20 12:37:15,255:INFO:Checking exceptions
2021-11-20 12:37:15,255:INFO:Importing libraries
2021-11-20 12:37:15,255:INFO:Copying training dataset
2021-11-20 12:37:15,255:INFO:Defining folds
2021-11-20 12:37:15,255:INFO:Declaring metric variables
2021-11-20 12:37:15,271:INFO:Importing untrained model
2021-11-20 12:37:15,287:INFO:K Neighbors Regressor Imported succesfully
2021-11-20 12:37:15,309:INFO:Starting cross validation
2021-11-20 12:37:15,309:INFO:Cross validating with KFold(n_splits=5, random_state=None, shuffle=False), n_jobs=-1
2021-11-20 12:37:15,440:INFO:Calculating mean and std
2021-11-20 12:37:15,440:INFO:Creating metrics dataframe
2021-11-20 12:37:15,440:INFO:Uploading results into container
2021-11-20 12:37:15,440:INFO:Uploading model into container now
2021-11-20 12:37:15,440:INFO:create_model_container: 7
2021-11-20 12:37:15,440:INFO:master_model_container: 7
2021-11-20 12:37:15,440:INFO:display_container: 2
2021-11-20 12:37:15,440:INFO:KNeighborsRegressor(algorithm='auto', leaf_size=30, metric='minkowski',
                    metric_params=None, n_jobs=-1, n_neighbors=5, p=2,
                    weights='uniform')
2021-11-20 12:37:15,440:INFO:create_model() succesfully completed......................................
2021-11-20 12:37:15,665:INFO:SubProcess create_model() end ==================================
2021-11-20 12:37:15,665:INFO:Creating metrics dataframe
2021-11-20 12:37:15,687:INFO:Initializing Decision Tree Regressor
2021-11-20 12:37:15,687:INFO:Total runtime is 0.13598956664403278 minutes
2021-11-20 12:37:15,695:INFO:SubProcess create_model() called ==================================
2021-11-20 12:37:15,695:INFO:Initializing create_model()
2021-11-20 12:37:15,695:INFO:create_model(estimator=dt, fold=KFold(n_splits=5, random_state=None, shuffle=False), round=4, cross_validation=True, predict=True, fit_kwargs={}, groups=None, refit=False, verbose=False, system=False, metrics=None, display=<pycaret.internal.Display.Display object at 0x000001F20DF32CD0>, kwargs={})
2021-11-20 12:37:15,695:INFO:Checking exceptions
2021-11-20 12:37:15,695:INFO:Importing libraries
2021-11-20 12:37:15,695:INFO:Copying training dataset
2021-11-20 12:37:15,695:INFO:Defining folds
2021-11-20 12:37:15,695:INFO:Declaring metric variables
2021-11-20 12:37:15,705:INFO:Importing untrained model
2021-11-20 12:37:15,721:INFO:Decision Tree Regressor Imported succesfully
2021-11-20 12:37:15,752:INFO:Starting cross validation
2021-11-20 12:37:15,752:INFO:Cross validating with KFold(n_splits=5, random_state=None, shuffle=False), n_jobs=-1
2021-11-20 12:37:15,906:INFO:Calculating mean and std
2021-11-20 12:37:15,906:INFO:Creating metrics dataframe
2021-11-20 12:37:15,921:INFO:Uploading results into container
2021-11-20 12:37:15,921:INFO:Uploading model into container now
2021-11-20 12:37:15,921:INFO:create_model_container: 8
2021-11-20 12:37:15,921:INFO:master_model_container: 8
2021-11-20 12:37:15,921:INFO:display_container: 2
2021-11-20 12:37:15,921:INFO:DecisionTreeRegressor(ccp_alpha=0.0, criterion='mse', max_depth=None,
                      max_features=None, max_leaf_nodes=None,
                      min_impurity_decrease=0.0, min_impurity_split=None,
                      min_samples_leaf=1, min_samples_split=2,
                      min_weight_fraction_leaf=0.0, presort='deprecated',
                      random_state=0, splitter='best')
2021-11-20 12:37:15,921:INFO:create_model() succesfully completed......................................
2021-11-20 12:37:16,137:INFO:SubProcess create_model() end ==================================
2021-11-20 12:37:16,137:INFO:Creating metrics dataframe
2021-11-20 12:37:16,153:INFO:Initializing Random Forest Regressor
2021-11-20 12:37:16,153:INFO:Total runtime is 0.14375545581181842 minutes
2021-11-20 12:37:16,169:INFO:SubProcess create_model() called ==================================
2021-11-20 12:37:16,169:INFO:Initializing create_model()
2021-11-20 12:37:16,169:INFO:create_model(estimator=rf, fold=KFold(n_splits=5, random_state=None, shuffle=False), round=4, cross_validation=True, predict=True, fit_kwargs={}, groups=None, refit=False, verbose=False, system=False, metrics=None, display=<pycaret.internal.Display.Display object at 0x000001F20DF32CD0>, kwargs={})
2021-11-20 12:37:16,169:INFO:Checking exceptions
2021-11-20 12:37:16,169:INFO:Importing libraries
2021-11-20 12:37:16,169:INFO:Copying training dataset
2021-11-20 12:37:16,169:INFO:Defining folds
2021-11-20 12:37:16,169:INFO:Declaring metric variables
2021-11-20 12:37:16,184:INFO:Importing untrained model
2021-11-20 12:37:16,206:INFO:Random Forest Regressor Imported succesfully
2021-11-20 12:37:16,238:INFO:Starting cross validation
2021-11-20 12:37:16,238:INFO:Cross validating with KFold(n_splits=5, random_state=None, shuffle=False), n_jobs=-1
2021-11-20 12:37:20,367:INFO:Calculating mean and std
2021-11-20 12:37:20,367:INFO:Creating metrics dataframe
2021-11-20 12:37:20,382:INFO:Uploading results into container
2021-11-20 12:37:20,382:INFO:Uploading model into container now
2021-11-20 12:37:20,382:INFO:create_model_container: 9
2021-11-20 12:37:20,382:INFO:master_model_container: 9
2021-11-20 12:37:20,382:INFO:display_container: 2
2021-11-20 12:37:20,382:INFO:RandomForestRegressor(bootstrap=True, ccp_alpha=0.0, criterion='mse',
                      max_depth=None, max_features='auto', max_leaf_nodes=None,
                      max_samples=None, min_impurity_decrease=0.0,
                      min_impurity_split=None, min_samples_leaf=1,
                      min_samples_split=2, min_weight_fraction_leaf=0.0,
                      n_estimators=100, n_jobs=-1, oob_score=False,
                      random_state=0, verbose=0, warm_start=False)
2021-11-20 12:37:20,382:INFO:create_model() succesfully completed......................................
2021-11-20 12:37:20,600:INFO:SubProcess create_model() end ==================================
2021-11-20 12:37:20,600:INFO:Creating metrics dataframe
2021-11-20 12:37:20,628:INFO:Initializing Extra Trees Regressor
2021-11-20 12:37:20,628:INFO:Total runtime is 0.21833878358205158 minutes
2021-11-20 12:37:20,638:INFO:SubProcess create_model() called ==================================
2021-11-20 12:37:20,638:INFO:Initializing create_model()
2021-11-20 12:37:20,638:INFO:create_model(estimator=et, fold=KFold(n_splits=5, random_state=None, shuffle=False), round=4, cross_validation=True, predict=True, fit_kwargs={}, groups=None, refit=False, verbose=False, system=False, metrics=None, display=<pycaret.internal.Display.Display object at 0x000001F20DF32CD0>, kwargs={})
2021-11-20 12:37:20,638:INFO:Checking exceptions
2021-11-20 12:37:20,638:INFO:Importing libraries
2021-11-20 12:37:20,638:INFO:Copying training dataset
2021-11-20 12:37:20,638:INFO:Defining folds
2021-11-20 12:37:20,638:INFO:Declaring metric variables
2021-11-20 12:37:20,648:INFO:Importing untrained model
2021-11-20 12:37:20,664:INFO:Extra Trees Regressor Imported succesfully
2021-11-20 12:37:20,695:INFO:Starting cross validation
2021-11-20 12:37:20,695:INFO:Cross validating with KFold(n_splits=5, random_state=None, shuffle=False), n_jobs=-1
2021-11-20 12:37:23,339:INFO:Calculating mean and std
2021-11-20 12:37:23,339:INFO:Creating metrics dataframe
2021-11-20 12:37:23,354:INFO:Uploading results into container
2021-11-20 12:37:23,354:INFO:Uploading model into container now
2021-11-20 12:37:23,354:INFO:create_model_container: 10
2021-11-20 12:37:23,354:INFO:master_model_container: 10
2021-11-20 12:37:23,354:INFO:display_container: 2
2021-11-20 12:37:23,354:INFO:ExtraTreesRegressor(bootstrap=False, ccp_alpha=0.0, criterion='mse',
                    max_depth=None, max_features='auto', max_leaf_nodes=None,
                    max_samples=None, min_impurity_decrease=0.0,
                    min_impurity_split=None, min_samples_leaf=1,
                    min_samples_split=2, min_weight_fraction_leaf=0.0,
                    n_estimators=100, n_jobs=-1, oob_score=False,
                    random_state=0, verbose=0, warm_start=False)
2021-11-20 12:37:23,354:INFO:create_model() succesfully completed......................................
2021-11-20 12:37:23,564:INFO:SubProcess create_model() end ==================================
2021-11-20 12:37:23,564:INFO:Creating metrics dataframe
2021-11-20 12:37:23,594:INFO:Initializing AdaBoost Regressor
2021-11-20 12:37:23,594:INFO:Total runtime is 0.2677801926930745 minutes
2021-11-20 12:37:23,602:INFO:SubProcess create_model() called ==================================
2021-11-20 12:37:23,602:INFO:Initializing create_model()
2021-11-20 12:37:23,602:INFO:create_model(estimator=ada, fold=KFold(n_splits=5, random_state=None, shuffle=False), round=4, cross_validation=True, predict=True, fit_kwargs={}, groups=None, refit=False, verbose=False, system=False, metrics=None, display=<pycaret.internal.Display.Display object at 0x000001F20DF32CD0>, kwargs={})
2021-11-20 12:37:23,602:INFO:Checking exceptions
2021-11-20 12:37:23,602:INFO:Importing libraries
2021-11-20 12:37:23,602:INFO:Copying training dataset
2021-11-20 12:37:23,602:INFO:Defining folds
2021-11-20 12:37:23,602:INFO:Declaring metric variables
2021-11-20 12:37:23,612:INFO:Importing untrained model
2021-11-20 12:37:23,628:INFO:AdaBoost Regressor Imported succesfully
2021-11-20 12:37:23,659:INFO:Starting cross validation
2021-11-20 12:37:23,659:INFO:Cross validating with KFold(n_splits=5, random_state=None, shuffle=False), n_jobs=-1
2021-11-20 12:37:24,307:INFO:Calculating mean and std
2021-11-20 12:37:24,307:INFO:Creating metrics dataframe
2021-11-20 12:37:24,307:INFO:Uploading results into container
2021-11-20 12:37:24,307:INFO:Uploading model into container now
2021-11-20 12:37:24,307:INFO:create_model_container: 11
2021-11-20 12:37:24,307:INFO:master_model_container: 11
2021-11-20 12:37:24,307:INFO:display_container: 2
2021-11-20 12:37:24,307:INFO:AdaBoostRegressor(base_estimator=None, learning_rate=1.0, loss='linear',
                  n_estimators=50, random_state=0)
2021-11-20 12:37:24,307:INFO:create_model() succesfully completed......................................
2021-11-20 12:37:24,549:INFO:SubProcess create_model() end ==================================
2021-11-20 12:37:24,549:INFO:Creating metrics dataframe
2021-11-20 12:37:24,564:INFO:Initializing Gradient Boosting Regressor
2021-11-20 12:37:24,580:INFO:Total runtime is 0.2842065811157226 minutes
2021-11-20 12:37:24,580:INFO:SubProcess create_model() called ==================================
2021-11-20 12:37:24,596:INFO:Initializing create_model()
2021-11-20 12:37:24,596:INFO:create_model(estimator=gbr, fold=KFold(n_splits=5, random_state=None, shuffle=False), round=4, cross_validation=True, predict=True, fit_kwargs={}, groups=None, refit=False, verbose=False, system=False, metrics=None, display=<pycaret.internal.Display.Display object at 0x000001F20DF32CD0>, kwargs={})
2021-11-20 12:37:24,596:INFO:Checking exceptions
2021-11-20 12:37:24,596:INFO:Importing libraries
2021-11-20 12:37:24,596:INFO:Copying training dataset
2021-11-20 12:37:24,596:INFO:Defining folds
2021-11-20 12:37:24,596:INFO:Declaring metric variables
2021-11-20 12:37:24,611:INFO:Importing untrained model
2021-11-20 12:37:24,618:INFO:Gradient Boosting Regressor Imported succesfully
2021-11-20 12:37:24,649:INFO:Starting cross validation
2021-11-20 12:37:24,649:INFO:Cross validating with KFold(n_splits=5, random_state=None, shuffle=False), n_jobs=-1
2021-11-20 12:37:26,469:INFO:Calculating mean and std
2021-11-20 12:37:26,469:INFO:Creating metrics dataframe
2021-11-20 12:37:26,469:INFO:Uploading results into container
2021-11-20 12:37:26,469:INFO:Uploading model into container now
2021-11-20 12:37:26,469:INFO:create_model_container: 12
2021-11-20 12:37:26,469:INFO:master_model_container: 12
2021-11-20 12:37:26,469:INFO:display_container: 2
2021-11-20 12:37:26,469:INFO:GradientBoostingRegressor(alpha=0.9, ccp_alpha=0.0, criterion='friedman_mse',
                          init=None, learning_rate=0.1, loss='ls', max_depth=3,
                          max_features=None, max_leaf_nodes=None,
                          min_impurity_decrease=0.0, min_impurity_split=None,
                          min_samples_leaf=1, min_samples_split=2,
                          min_weight_fraction_leaf=0.0, n_estimators=100,
                          n_iter_no_change=None, presort='deprecated',
                          random_state=0, subsample=1.0, tol=0.0001,
                          validation_fraction=0.1, verbose=0, warm_start=False)
2021-11-20 12:37:26,469:INFO:create_model() succesfully completed......................................
2021-11-20 12:37:26,707:INFO:SubProcess create_model() end ==================================
2021-11-20 12:37:26,707:INFO:Creating metrics dataframe
2021-11-20 12:37:26,770:INFO:Initializing create_model()
2021-11-20 12:37:26,770:INFO:create_model(estimator=ExtraTreesRegressor(bootstrap=False, ccp_alpha=0.0, criterion='mse',
                    max_depth=None, max_features='auto', max_leaf_nodes=None,
                    max_samples=None, min_impurity_decrease=0.0,
                    min_impurity_split=None, min_samples_leaf=1,
                    min_samples_split=2, min_weight_fraction_leaf=0.0,
                    n_estimators=100, n_jobs=-1, oob_score=False,
                    random_state=0, verbose=0, warm_start=False), fold=KFold(n_splits=5, random_state=None, shuffle=False), round=4, cross_validation=False, predict=False, fit_kwargs={}, groups=None, refit=True, verbose=False, system=False, metrics=None, display=None, kwargs={})
2021-11-20 12:37:26,770:INFO:Checking exceptions
2021-11-20 12:37:26,770:INFO:Importing libraries
2021-11-20 12:37:26,770:INFO:Copying training dataset
2021-11-20 12:37:26,770:INFO:Defining folds
2021-11-20 12:37:26,770:INFO:Declaring metric variables
2021-11-20 12:37:26,770:INFO:Importing untrained model
2021-11-20 12:37:26,770:INFO:Declaring custom model
2021-11-20 12:37:26,770:INFO:Extra Trees Regressor Imported succesfully
2021-11-20 12:37:26,770:INFO:Cross validation set to False
2021-11-20 12:37:26,770:INFO:Fitting Model
2021-11-20 12:37:27,548:INFO:ExtraTreesRegressor(bootstrap=False, ccp_alpha=0.0, criterion='mse',
                    max_depth=None, max_features='auto', max_leaf_nodes=None,
                    max_samples=None, min_impurity_decrease=0.0,
                    min_impurity_split=None, min_samples_leaf=1,
                    min_samples_split=2, min_weight_fraction_leaf=0.0,
                    n_estimators=100, n_jobs=-1, oob_score=False,
                    random_state=0, verbose=0, warm_start=False)
2021-11-20 12:37:27,548:INFO:create_models() succesfully completed......................................
2021-11-20 12:37:27,849:INFO:create_model_container: 12
2021-11-20 12:37:27,849:INFO:master_model_container: 12
2021-11-20 12:37:27,849:INFO:display_container: 2
2021-11-20 12:37:27,849:INFO:ExtraTreesRegressor(bootstrap=False, ccp_alpha=0.0, criterion='mse',
                    max_depth=None, max_features='auto', max_leaf_nodes=None,
                    max_samples=None, min_impurity_decrease=0.0,
                    min_impurity_split=None, min_samples_leaf=1,
                    min_samples_split=2, min_weight_fraction_leaf=0.0,
                    n_estimators=100, n_jobs=-1, oob_score=False,
                    random_state=0, verbose=0, warm_start=False)
2021-11-20 12:37:27,849:INFO:compare_models() succesfully completed......................................
2021-11-20 12:38:07,958:INFO:Initializing create_model()
2021-11-20 12:38:07,958:INFO:create_model(estimator=et, fold=None, round=4, cross_validation=True, predict=True, fit_kwargs=None, groups=None, refit=True, verbose=True, system=True, metrics=None, display=None, kwargs={})
2021-11-20 12:38:07,958:INFO:Checking exceptions
2021-11-20 12:38:07,958:INFO:Preparing display monitor
2021-11-20 12:38:07,996:INFO:Importing libraries
2021-11-20 12:38:07,996:INFO:Copying training dataset
2021-11-20 12:38:07,996:INFO:Defining folds
2021-11-20 12:38:07,996:INFO:Declaring metric variables
2021-11-20 12:38:08,012:INFO:Importing untrained model
2021-11-20 12:38:08,027:INFO:Extra Trees Regressor Imported succesfully
2021-11-20 12:38:08,058:INFO:Starting cross validation
2021-11-20 12:38:08,058:INFO:Cross validating with KFold(n_splits=10, random_state=None, shuffle=False), n_jobs=-1
2021-11-20 12:38:14,102:INFO:Calculating mean and std
2021-11-20 12:38:14,118:INFO:Creating metrics dataframe
2021-11-20 12:38:14,133:INFO:Finalizing model
2021-11-20 12:38:14,883:INFO:Uploading results into container
2021-11-20 12:38:14,883:INFO:Uploading model into container now
2021-11-20 12:38:14,905:INFO:create_model_container: 13
2021-11-20 12:38:14,905:INFO:master_model_container: 13
2021-11-20 12:38:14,905:INFO:display_container: 3
2021-11-20 12:38:14,905:INFO:ExtraTreesRegressor(bootstrap=False, ccp_alpha=0.0, criterion='mse',
                    max_depth=None, max_features='auto', max_leaf_nodes=None,
                    max_samples=None, min_impurity_decrease=0.0,
                    min_impurity_split=None, min_samples_leaf=1,
                    min_samples_split=2, min_weight_fraction_leaf=0.0,
                    n_estimators=100, n_jobs=-1, oob_score=False,
                    random_state=0, verbose=0, warm_start=False)
2021-11-20 12:38:14,905:INFO:create_model() succesfully completed......................................
2021-11-20 12:38:41,491:INFO:Initializing tune_model()
2021-11-20 12:38:41,491:INFO:tune_model(estimator=ExtraTreesRegressor(bootstrap=False, ccp_alpha=0.0, criterion='mse',
                    max_depth=None, max_features='auto', max_leaf_nodes=None,
                    max_samples=None, min_impurity_decrease=0.0,
                    min_impurity_split=None, min_samples_leaf=1,
                    min_samples_split=2, min_weight_fraction_leaf=0.0,
                    n_estimators=100, n_jobs=-1, oob_score=False,
                    random_state=0, verbose=0, warm_start=False), fold=None, round=4, n_iter=10, custom_grid=None, optimize=mse, custom_scorer=None, search_library=scikit-learn, search_algorithm=None, early_stopping=False, early_stopping_max_iters=10, choose_better=False, fit_kwargs=None, groups=None, return_tuner=False, verbose=True, tuner_verbose=True, display=None, kwargs={})
2021-11-20 12:38:41,491:INFO:Checking exceptions
2021-11-20 12:38:41,491:INFO:Preparing display monitor
2021-11-20 12:38:41,528:INFO:Copying training dataset
2021-11-20 12:38:41,528:INFO:Checking base model
2021-11-20 12:38:41,528:INFO:Base model : Extra Trees Regressor
2021-11-20 12:38:41,544:INFO:Declaring metric variables
2021-11-20 12:38:41,544:INFO:Defining Hyperparameters
2021-11-20 12:38:41,807:INFO:Tuning with n_jobs=-1
2021-11-20 12:38:41,807:INFO:Initializing RandomizedSearchCV
2021-11-20 12:39:52,428:INFO:Initializing tune_model()
2021-11-20 12:39:52,428:INFO:tune_model(estimator=ExtraTreesRegressor(bootstrap=False, ccp_alpha=0.0, criterion='mse',
                    max_depth=None, max_features='auto', max_leaf_nodes=None,
                    max_samples=None, min_impurity_decrease=0.0,
                    min_impurity_split=None, min_samples_leaf=1,
                    min_samples_split=2, min_weight_fraction_leaf=0.0,
                    n_estimators=100, n_jobs=-1, oob_score=False,
                    random_state=0, verbose=0, warm_start=False), fold=5, round=4, n_iter=10, custom_grid=None, optimize=rmse, custom_scorer=None, search_library=scikit-learn, search_algorithm=None, early_stopping=False, early_stopping_max_iters=10, choose_better=False, fit_kwargs=None, groups=None, return_tuner=False, verbose=True, tuner_verbose=True, display=None, kwargs={})
2021-11-20 12:39:52,428:INFO:Checking exceptions
2021-11-20 12:39:52,428:INFO:Preparing display monitor
2021-11-20 12:39:52,459:INFO:Copying training dataset
2021-11-20 12:39:52,459:INFO:Checking base model
2021-11-20 12:39:52,459:INFO:Base model : Extra Trees Regressor
2021-11-20 12:39:52,475:INFO:Declaring metric variables
2021-11-20 12:39:52,491:INFO:Defining Hyperparameters
2021-11-20 12:39:52,745:INFO:Tuning with n_jobs=-1
2021-11-20 12:39:52,745:INFO:Initializing RandomizedSearchCV
2021-11-20 12:42:01,526:INFO:best_params: {'actual_estimator__n_estimators': 120, 'actual_estimator__min_samples_split': 2, 'actual_estimator__min_samples_leaf': 5, 'actual_estimator__min_impurity_decrease': 0.001, 'actual_estimator__max_features': 1.0, 'actual_estimator__max_depth': 10, 'actual_estimator__criterion': 'mse', 'actual_estimator__bootstrap': True}
2021-11-20 12:42:01,526:INFO:Hyperparameter search completed
2021-11-20 12:42:01,526:INFO:SubProcess create_model() called ==================================
2021-11-20 12:42:01,530:INFO:Initializing create_model()
2021-11-20 12:42:01,530:INFO:create_model(estimator=ExtraTreesRegressor(bootstrap=False, ccp_alpha=0.0, criterion='mse',
                    max_depth=None, max_features='auto', max_leaf_nodes=None,
                    max_samples=None, min_impurity_decrease=0.0,
                    min_impurity_split=None, min_samples_leaf=1,
                    min_samples_split=2, min_weight_fraction_leaf=0.0,
                    n_estimators=100, n_jobs=-1, oob_score=False,
                    random_state=0, verbose=0, warm_start=False), fold=KFold(n_splits=5, random_state=None, shuffle=False), round=4, cross_validation=True, predict=True, fit_kwargs={}, groups=None, refit=True, verbose=True, system=False, metrics=None, display=<pycaret.internal.Display.Display object at 0x000001F20DD71640>, kwargs={'n_estimators': 120, 'min_samples_split': 2, 'min_samples_leaf': 5, 'min_impurity_decrease': 0.001, 'max_features': 1.0, 'max_depth': 10, 'criterion': 'mse', 'bootstrap': True})
2021-11-20 12:42:01,530:INFO:Checking exceptions
2021-11-20 12:42:01,530:INFO:Importing libraries
2021-11-20 12:42:01,530:INFO:Copying training dataset
2021-11-20 12:42:01,530:INFO:Defining folds
2021-11-20 12:42:01,530:INFO:Declaring metric variables
2021-11-20 12:42:01,550:INFO:Importing untrained model
2021-11-20 12:42:01,550:INFO:Declaring custom model
2021-11-20 12:42:01,570:INFO:Extra Trees Regressor Imported succesfully
2021-11-20 12:42:01,602:INFO:Starting cross validation
2021-11-20 12:42:01,606:INFO:Cross validating with KFold(n_splits=5, random_state=None, shuffle=False), n_jobs=-1
2021-11-20 12:42:02,830:INFO:Calculating mean and std
2021-11-20 12:42:02,830:INFO:Creating metrics dataframe
2021-11-20 12:42:02,846:INFO:Finalizing model
2021-11-20 12:42:03,222:INFO:Uploading results into container
2021-11-20 12:42:03,222:INFO:Uploading model into container now
2021-11-20 12:42:03,222:INFO:create_model_container: 14
2021-11-20 12:42:03,222:INFO:master_model_container: 14
2021-11-20 12:42:03,222:INFO:display_container: 4
2021-11-20 12:42:03,222:INFO:ExtraTreesRegressor(bootstrap=True, ccp_alpha=0.0, criterion='mse',
                    max_depth=10, max_features=1.0, max_leaf_nodes=None,
                    max_samples=None, min_impurity_decrease=0.001,
                    min_impurity_split=None, min_samples_leaf=5,
                    min_samples_split=2, min_weight_fraction_leaf=0.0,
                    n_estimators=120, n_jobs=-1, oob_score=False,
                    random_state=0, verbose=0, warm_start=False)
2021-11-20 12:42:03,222:INFO:create_model() succesfully completed......................................
2021-11-20 12:42:03,446:INFO:SubProcess create_model() end ==================================
2021-11-20 12:42:03,462:INFO:create_model_container: 14
2021-11-20 12:42:03,462:INFO:master_model_container: 14
2021-11-20 12:42:03,462:INFO:display_container: 4
2021-11-20 12:42:03,466:INFO:ExtraTreesRegressor(bootstrap=True, ccp_alpha=0.0, criterion='mse',
                    max_depth=10, max_features=1.0, max_leaf_nodes=None,
                    max_samples=None, min_impurity_decrease=0.001,
                    min_impurity_split=None, min_samples_leaf=5,
                    min_samples_split=2, min_weight_fraction_leaf=0.0,
                    n_estimators=120, n_jobs=-1, oob_score=False,
                    random_state=0, verbose=0, warm_start=False)
2021-11-20 12:42:03,466:INFO:tune_model() succesfully completed......................................
2021-11-20 12:42:44,621:INFO:Initializing plot_model()
2021-11-20 12:42:44,621:INFO:plot_model(plot=residuals, fold=None, use_train_data=False, verbose=True, is_in_evaluate=False, display=None, display_format=None, estimator=ExtraTreesRegressor(bootstrap=False, ccp_alpha=0.0, criterion='mse',
                    max_depth=None, max_features='auto', max_leaf_nodes=None,
                    max_samples=None, min_impurity_decrease=0.0,
                    min_impurity_split=None, min_samples_leaf=1,
                    min_samples_split=2, min_weight_fraction_leaf=0.0,
                    n_estimators=100, n_jobs=-1, oob_score=False,
                    random_state=0, verbose=0, warm_start=False), feature_name=None, fit_kwargs=None, groups=None, label=False, save=False, scale=1, system=True)
2021-11-20 12:42:44,621:INFO:Checking exceptions
2021-11-20 12:42:44,667:INFO:Preparing display monitor
2021-11-20 12:42:44,667:INFO:Preloading libraries
2021-11-20 12:42:44,837:INFO:Copying training dataset
2021-11-20 12:42:44,837:INFO:Copying test dataset
2021-11-20 12:42:44,837:INFO:Plot type: residuals
2021-11-20 12:42:45,006:INFO:Fitting Model
2021-11-20 12:42:45,207:INFO:Scoring test/hold-out set
2021-11-20 12:42:46,312:INFO:Visual Rendered Successfully
2021-11-20 12:42:46,544:INFO:plot_model() succesfully completed......................................
2021-11-20 12:43:04,402:INFO:Initializing plot_model()
2021-11-20 12:43:04,402:INFO:plot_model(plot=residuals, fold=None, use_train_data=False, verbose=True, is_in_evaluate=False, display=None, display_format=None, estimator=ExtraTreesRegressor(bootstrap=False, ccp_alpha=0.0, criterion='mse',
                    max_depth=None, max_features='auto', max_leaf_nodes=None,
                    max_samples=None, min_impurity_decrease=0.0,
                    min_impurity_split=None, min_samples_leaf=1,
                    min_samples_split=2, min_weight_fraction_leaf=0.0,
                    n_estimators=100, n_jobs=-1, oob_score=False,
                    random_state=0, verbose=0, warm_start=False), feature_name=None, fit_kwargs=None, groups=None, label=False, save=False, scale=1, system=True)
2021-11-20 12:43:04,402:INFO:Checking exceptions
2021-11-20 12:43:04,433:INFO:Preparing display monitor
2021-11-20 12:43:04,433:INFO:Preloading libraries
2021-11-20 12:43:04,602:INFO:Copying training dataset
2021-11-20 12:43:04,602:INFO:Copying test dataset
2021-11-20 12:43:04,602:INFO:Plot type: residuals
2021-11-20 12:43:04,696:INFO:Fitting Model
2021-11-20 12:43:04,865:INFO:Scoring test/hold-out set
2021-11-20 12:43:05,625:INFO:Visual Rendered Successfully
2021-11-20 12:43:05,857:INFO:plot_model() succesfully completed......................................
2021-11-20 12:43:50,058:INFO:Initializing plot_model()
2021-11-20 12:43:50,058:INFO:plot_model(plot=error, fold=None, use_train_data=False, verbose=True, is_in_evaluate=False, display=None, display_format=None, estimator=ExtraTreesRegressor(bootstrap=False, ccp_alpha=0.0, criterion='mse',
                    max_depth=None, max_features='auto', max_leaf_nodes=None,
                    max_samples=None, min_impurity_decrease=0.0,
                    min_impurity_split=None, min_samples_leaf=1,
                    min_samples_split=2, min_weight_fraction_leaf=0.0,
                    n_estimators=100, n_jobs=-1, oob_score=False,
                    random_state=0, verbose=0, warm_start=False), feature_name=None, fit_kwargs=None, groups=None, label=False, save=False, scale=1, system=True)
2021-11-20 12:43:50,058:INFO:Checking exceptions
2021-11-20 12:43:50,080:INFO:Preparing display monitor
2021-11-20 12:43:50,096:INFO:Preloading libraries
2021-11-20 12:43:50,258:INFO:Copying training dataset
2021-11-20 12:43:50,258:INFO:Copying test dataset
2021-11-20 12:43:50,258:INFO:Plot type: error
2021-11-20 12:43:50,327:INFO:Fitting Model
2021-11-20 12:43:50,327:INFO:Scoring test/hold-out set
2021-11-20 12:43:50,813:INFO:Visual Rendered Successfully
2021-11-20 12:43:51,045:INFO:plot_model() succesfully completed......................................
2021-11-20 12:43:55,920:INFO:Initializing plot_model()
2021-11-20 12:43:55,920:INFO:plot_model(plot=feature, fold=None, use_train_data=False, verbose=True, is_in_evaluate=False, display=None, display_format=None, estimator=ExtraTreesRegressor(bootstrap=False, ccp_alpha=0.0, criterion='mse',
                    max_depth=None, max_features='auto', max_leaf_nodes=None,
                    max_samples=None, min_impurity_decrease=0.0,
                    min_impurity_split=None, min_samples_leaf=1,
                    min_samples_split=2, min_weight_fraction_leaf=0.0,
                    n_estimators=100, n_jobs=-1, oob_score=False,
                    random_state=0, verbose=0, warm_start=False), feature_name=None, fit_kwargs=None, groups=None, label=False, save=False, scale=1, system=True)
2021-11-20 12:43:55,920:INFO:Checking exceptions
2021-11-20 12:43:55,951:INFO:Preparing display monitor
2021-11-20 12:43:55,967:INFO:Preloading libraries
2021-11-20 12:43:56,121:INFO:Copying training dataset
2021-11-20 12:43:56,121:INFO:Copying test dataset
2021-11-20 12:43:56,121:INFO:Plot type: feature
2021-11-20 12:43:56,183:WARNING:No coef_ found. Trying feature_importances_
2021-11-20 12:43:56,421:INFO:Visual Rendered Successfully
2021-11-20 12:43:56,637:INFO:plot_model() succesfully completed......................................
2021-11-20 12:44:15,716:INFO:Initializing interpret_model()
2021-11-20 12:44:15,716:INFO:interpret_model(estimator=ExtraTreesRegressor(bootstrap=False, ccp_alpha=0.0, criterion='mse',
                    max_depth=None, max_features='auto', max_leaf_nodes=None,
                    max_samples=None, min_impurity_decrease=0.0,
                    min_impurity_split=None, min_samples_leaf=1,
                    min_samples_split=2, min_weight_fraction_leaf=0.0,
                    n_estimators=100, n_jobs=-1, oob_score=False,
                    random_state=0, verbose=0, warm_start=False), use_train_data=False, X_new_sample=None, y_new_sample=None, feature=None, kwargs={}, observation=None, plot=summary, save=False)
2021-11-20 12:44:15,716:INFO:Checking exceptions
2021-11-20 12:44:15,716:INFO:plot type: summary
2021-11-20 12:44:15,716:INFO:Creating TreeExplainer
2021-11-20 12:44:15,816:INFO:Compiling shap values
2021-11-20 12:53:40,436:INFO:PyCaret Supervised Module
2021-11-20 12:53:40,436:INFO:ML Usecase: regression
2021-11-20 12:53:40,436:INFO:version 2.3.3
2021-11-20 12:53:40,436:INFO:Initializing setup()
2021-11-20 12:53:40,436:INFO:setup(target=PE, ml_usecase=regression, available_plots={'parameter': 'Hyperparameters', 'residuals': 'Residuals', 'error': 'Prediction Error', 'cooks': 'Cooks Distance', 'rfe': 'Feature Selection', 'learning': 'Learning Curve', 'manifold': 'Manifold Learning', 'vc': 'Validation Curve', 'feature': 'Feature Importance', 'feature_all': 'Feature Importance (All)', 'tree': 'Decision Tree', 'residuals_interactive': 'Interactive Residuals'}, train_size=0.8, test_data=None, preprocess=True, imputation_type=simple, iterative_imputation_iters=5, categorical_features=None, categorical_imputation=constant, categorical_iterative_imputer=lightgbm, ordinal_features=None, high_cardinality_features=None, high_cardinality_method=frequency, numeric_features=None, numeric_imputation=mean, numeric_iterative_imputer=lightgbm, date_features=None, ignore_features=None, normalize=True, normalize_method=zscore, transformation=False, transformation_method=yeo-johnson, handle_unknown_categorical=True, unknown_categorical_method=least_frequent, pca=False, pca_method=linear, pca_components=None, ignore_low_variance=False, combine_rare_levels=False, rare_level_threshold=0.1, bin_numeric_features=None, remove_outliers=False, outliers_threshold=0.05, remove_multicollinearity=False, multicollinearity_threshold=0.9, remove_perfect_collinearity=True, create_clusters=False, cluster_iter=20, polynomial_features=False, polynomial_degree=2, trigonometry_features=False, polynomial_threshold=0.1, group_features=None, group_names=None, feature_selection=False, feature_selection_threshold=0.8, feature_selection_method=classic, feature_interaction=False, feature_ratio=False, interaction_threshold=0.01, fix_imbalance=False, fix_imbalance_method=None, transform_target=False, transform_target_method=box-cox, data_split_shuffle=True, data_split_stratify=False, fold_strategy=kfold, fold=10, fold_shuffle=False, fold_groups=None, n_jobs=-1, use_gpu=False, custom_pipeline=None, html=True, session_id=0, log_experiment=False, experiment_name=None, log_plots=False, log_profile=False, log_data=False, silent=False, verbose=True, profile=False, profile_kwargs=None, display=None)
2021-11-20 12:53:40,436:INFO:Checking environment
2021-11-20 12:53:40,436:INFO:python_version: 3.8.8
2021-11-20 12:53:40,436:INFO:python_build: ('default', 'Apr 13 2021 15:08:03')
2021-11-20 12:53:40,436:INFO:machine: AMD64
2021-11-20 12:53:40,436:INFO:platform: Windows-10-10.0.19041-SP0
2021-11-20 12:53:40,436:INFO:Memory: svmem(total=17056563200, available=11952058368, percent=29.9, used=5104504832, free=11952058368)
2021-11-20 12:53:40,436:INFO:Physical Core: 2
2021-11-20 12:53:40,436:INFO:Logical Core: 4
2021-11-20 12:53:40,436:INFO:Checking libraries
2021-11-20 12:53:40,436:INFO:pd==1.2.4
2021-11-20 12:53:40,436:INFO:numpy==1.19.5
2021-11-20 12:53:40,436:INFO:sklearn==0.23.2
2021-11-20 12:53:40,436:INFO:lightgbm==3.2.1
2021-11-20 12:53:40,458:INFO:catboost==0.26
2021-11-20 12:53:40,489:INFO:xgboost==1.4.2
2021-11-20 12:53:41,160:INFO:mlflow==1.17.0
2021-11-20 12:53:41,160:INFO:Checking Exceptions
2021-11-20 12:53:41,160:INFO:Declaring global variables
2021-11-20 12:53:41,160:INFO:USI: 2f87
2021-11-20 12:53:41,160:INFO:pycaret_globals: {'stratify_param', 'imputation_regressor', '_gpu_n_jobs_param', 'fix_imbalance_param', 'transform_target_param', '_all_metrics', '_available_plots', '_ml_usecase', 'prep_pipe', 'data_before_preprocess', 'master_model_container', 'logging_param', '_all_models', 'X_test', 'y', 'seed', 'create_model_container', '_all_models_internal', 'exp_name_log', 'target_param', 'fold_groups_param', 'USI', 'gpu_param', 'fold_shuffle_param', 'transform_target_method_param', 'fold_groups_param_full', 'html_param', 'y_train', 'fold_param', 'imputation_classifier', 'fold_generator', 'y_test', 'display_container', 'X_train', 'log_plots_param', 'n_jobs_param', '_internal_pipeline', 'fix_imbalance_method_param', 'experiment__', 'X', 'iterative_imputation_iters_param', 'pycaret_globals'}
2021-11-20 12:53:41,160:INFO:Preparing display monitor
2021-11-20 12:53:41,160:INFO:Preparing display monitor
2021-11-20 12:53:41,175:INFO:Importing libraries
2021-11-20 12:53:41,175:INFO:Copying data for preprocessing
2021-11-20 12:53:41,191:INFO:Declaring preprocessing parameters
2021-11-20 12:53:41,191:INFO:Creating preprocessing pipeline
2021-11-20 12:53:41,207:INFO:Preprocessing pipeline created successfully
2021-11-20 12:53:41,222:ERROR:(Process Exit): setup has been interupted with user command 'quit'. setup must rerun.
2021-11-20 12:53:41,222:INFO:Creating global containers
2021-11-20 12:53:41,222:INFO:Internal pipeline: Pipeline(memory=None, steps=[('empty_step', 'passthrough')], verbose=False)
2021-11-20 12:53:43,341:INFO:Creating grid variables
2021-11-20 12:53:43,379:INFO:create_model_container: 0
2021-11-20 12:53:43,379:INFO:master_model_container: 0
2021-11-20 12:53:43,379:INFO:display_container: 1
2021-11-20 12:53:43,379:INFO:Pipeline(memory=None,
         steps=[('dtypes',
                 DataTypes_Auto_infer(categorical_features=[],
                                      display_types=True, features_todrop=[],
                                      id_columns=[], ml_usecase='regression',
                                      numerical_features=[], target='PE',
                                      time_features=[])),
                ('imputer',
                 Simple_Imputer(categorical_strategy='not_available',
                                fill_value_categorical=None,
                                fill_value_numerical=None,
                                numeric_strategy='mea...
                                                  target='PE')),
                ('P_transform', 'passthrough'), ('binn', 'passthrough'),
                ('rem_outliers', 'passthrough'), ('cluster_all', 'passthrough'),
                ('dummy', Dummify(target='PE')),
                ('fix_perfect', Remove_100(target='PE')),
                ('clean_names', Clean_Colum_Names()),
                ('feature_select', 'passthrough'), ('fix_multi', 'passthrough'),
                ('dfs', 'passthrough'), ('pca', 'passthrough')],
         verbose=False)
2021-11-20 12:53:43,379:INFO:setup() succesfully completed......................................
2021-11-20 12:53:43,541:INFO:Initializing compare_models()
2021-11-20 12:53:43,541:INFO:compare_models(include=None, fold=5, round=4, cross_validation=True, sort=R2, n_select=1, budget_time=None, turbo=True, errors=ignore, fit_kwargs=None, groups=None, verbose=True, display=None, exclude=['omp', 'br', 'ard', 'par', 'ransac', 'tr', 'huber', 'kr', 'mlp', 'xgboost', 'lightgbm', 'catboost'])
2021-11-20 12:53:43,541:INFO:Checking exceptions
2021-11-20 12:53:43,541:INFO:Preparing display monitor
2021-11-20 12:53:43,541:INFO:Preparing display monitor
2021-11-20 12:53:43,595:INFO:Initializing Linear Regression
2021-11-20 12:53:43,595:INFO:Total runtime is 0.0 minutes
2021-11-20 12:53:43,626:INFO:SubProcess create_model() called ==================================
2021-11-20 12:53:43,626:INFO:Initializing create_model()
2021-11-20 12:53:43,626:INFO:create_model(estimator=lr, fold=KFold(n_splits=5, random_state=None, shuffle=False), round=4, cross_validation=True, predict=True, fit_kwargs={}, groups=None, refit=False, verbose=False, system=False, metrics=None, display=<pycaret.internal.Display.Display object at 0x000001BC7AA5A9A0>, kwargs={})
2021-11-20 12:53:43,626:INFO:Checking exceptions
2021-11-20 12:53:43,626:INFO:Importing libraries
2021-11-20 12:53:43,626:INFO:Copying training dataset
2021-11-20 12:53:43,626:INFO:Defining folds
2021-11-20 12:53:43,626:INFO:Declaring metric variables
2021-11-20 12:53:43,642:INFO:Importing untrained model
2021-11-20 12:53:43,657:INFO:Linear Regression Imported succesfully
2021-11-20 12:53:43,679:INFO:Starting cross validation
2021-11-20 12:53:43,695:INFO:Cross validating with KFold(n_splits=5, random_state=None, shuffle=False), n_jobs=-1
2021-11-20 12:53:49,313:INFO:Calculating mean and std
2021-11-20 12:53:49,313:INFO:Creating metrics dataframe
2021-11-20 12:53:49,329:INFO:Uploading results into container
2021-11-20 12:53:49,329:INFO:Uploading model into container now
2021-11-20 12:53:49,329:INFO:create_model_container: 1
2021-11-20 12:53:49,329:INFO:master_model_container: 1
2021-11-20 12:53:49,329:INFO:display_container: 2
2021-11-20 12:53:49,329:INFO:LinearRegression(copy_X=True, fit_intercept=True, n_jobs=-1, normalize=False)
2021-11-20 12:53:49,329:INFO:create_model() succesfully completed......................................
2021-11-20 12:53:49,468:INFO:SubProcess create_model() end ==================================
2021-11-20 12:53:49,468:INFO:Creating metrics dataframe
2021-11-20 12:53:49,486:INFO:Initializing Lasso Regression
2021-11-20 12:53:49,502:INFO:Total runtime is 0.09844864209493001 minutes
2021-11-20 12:53:49,517:INFO:SubProcess create_model() called ==================================
2021-11-20 12:53:49,517:INFO:Initializing create_model()
2021-11-20 12:53:49,517:INFO:create_model(estimator=lasso, fold=KFold(n_splits=5, random_state=None, shuffle=False), round=4, cross_validation=True, predict=True, fit_kwargs={}, groups=None, refit=False, verbose=False, system=False, metrics=None, display=<pycaret.internal.Display.Display object at 0x000001BC7AA5A9A0>, kwargs={})
2021-11-20 12:53:49,517:INFO:Checking exceptions
2021-11-20 12:53:49,517:INFO:Importing libraries
2021-11-20 12:53:49,517:INFO:Copying training dataset
2021-11-20 12:53:49,517:INFO:Defining folds
2021-11-20 12:53:49,517:INFO:Declaring metric variables
2021-11-20 12:53:49,533:INFO:Importing untrained model
2021-11-20 12:53:49,549:INFO:Lasso Regression Imported succesfully
2021-11-20 12:53:49,586:INFO:Starting cross validation
2021-11-20 12:53:49,586:INFO:Cross validating with KFold(n_splits=5, random_state=None, shuffle=False), n_jobs=-1
2021-11-20 12:53:49,649:INFO:Calculating mean and std
2021-11-20 12:53:49,649:INFO:Creating metrics dataframe
2021-11-20 12:53:49,649:INFO:Uploading results into container
2021-11-20 12:53:49,649:INFO:Uploading model into container now
2021-11-20 12:53:49,649:INFO:create_model_container: 2
2021-11-20 12:53:49,649:INFO:master_model_container: 2
2021-11-20 12:53:49,649:INFO:display_container: 2
2021-11-20 12:53:49,649:INFO:Lasso(alpha=1.0, copy_X=True, fit_intercept=True, max_iter=1000,
      normalize=False, positive=False, precompute=False, random_state=0,
      selection='cyclic', tol=0.0001, warm_start=False)
2021-11-20 12:53:49,649:INFO:create_model() succesfully completed......................................
2021-11-20 12:53:49,787:INFO:SubProcess create_model() end ==================================
2021-11-20 12:53:49,787:INFO:Creating metrics dataframe
2021-11-20 12:53:49,803:INFO:Initializing Ridge Regression
2021-11-20 12:53:49,803:INFO:Total runtime is 0.10346268018086752 minutes
2021-11-20 12:53:49,818:INFO:SubProcess create_model() called ==================================
2021-11-20 12:53:49,818:INFO:Initializing create_model()
2021-11-20 12:53:49,818:INFO:create_model(estimator=ridge, fold=KFold(n_splits=5, random_state=None, shuffle=False), round=4, cross_validation=True, predict=True, fit_kwargs={}, groups=None, refit=False, verbose=False, system=False, metrics=None, display=<pycaret.internal.Display.Display object at 0x000001BC7AA5A9A0>, kwargs={})
2021-11-20 12:53:49,818:INFO:Checking exceptions
2021-11-20 12:53:49,818:INFO:Importing libraries
2021-11-20 12:53:49,818:INFO:Copying training dataset
2021-11-20 12:53:49,818:INFO:Defining folds
2021-11-20 12:53:49,818:INFO:Declaring metric variables
2021-11-20 12:53:49,834:INFO:Importing untrained model
2021-11-20 12:53:49,865:INFO:Ridge Regression Imported succesfully
2021-11-20 12:53:49,887:INFO:Starting cross validation
2021-11-20 12:53:49,887:INFO:Cross validating with KFold(n_splits=5, random_state=None, shuffle=False), n_jobs=-1
2021-11-20 12:53:49,965:INFO:Calculating mean and std
2021-11-20 12:53:49,965:INFO:Creating metrics dataframe
2021-11-20 12:53:49,965:INFO:Uploading results into container
2021-11-20 12:53:49,965:INFO:Uploading model into container now
2021-11-20 12:53:49,965:INFO:create_model_container: 3
2021-11-20 12:53:49,965:INFO:master_model_container: 3
2021-11-20 12:53:49,965:INFO:display_container: 2
2021-11-20 12:53:49,965:INFO:Ridge(alpha=1.0, copy_X=True, fit_intercept=True, max_iter=None,
      normalize=False, random_state=0, solver='auto', tol=0.001)
2021-11-20 12:53:49,965:INFO:create_model() succesfully completed......................................
2021-11-20 12:53:50,103:INFO:SubProcess create_model() end ==================================
2021-11-20 12:53:50,103:INFO:Creating metrics dataframe
2021-11-20 12:53:50,119:INFO:Initializing Elastic Net
2021-11-20 12:53:50,119:INFO:Total runtime is 0.10873632828394572 minutes
2021-11-20 12:53:50,135:INFO:SubProcess create_model() called ==================================
2021-11-20 12:53:50,135:INFO:Initializing create_model()
2021-11-20 12:53:50,135:INFO:create_model(estimator=en, fold=KFold(n_splits=5, random_state=None, shuffle=False), round=4, cross_validation=True, predict=True, fit_kwargs={}, groups=None, refit=False, verbose=False, system=False, metrics=None, display=<pycaret.internal.Display.Display object at 0x000001BC7AA5A9A0>, kwargs={})
2021-11-20 12:53:50,135:INFO:Checking exceptions
2021-11-20 12:53:50,135:INFO:Importing libraries
2021-11-20 12:53:50,135:INFO:Copying training dataset
2021-11-20 12:53:50,135:INFO:Defining folds
2021-11-20 12:53:50,135:INFO:Declaring metric variables
2021-11-20 12:53:50,150:INFO:Importing untrained model
2021-11-20 12:53:50,166:INFO:Elastic Net Imported succesfully
2021-11-20 12:53:50,204:INFO:Starting cross validation
2021-11-20 12:53:50,204:INFO:Cross validating with KFold(n_splits=5, random_state=None, shuffle=False), n_jobs=-1
2021-11-20 12:53:50,282:INFO:Calculating mean and std
2021-11-20 12:53:50,282:INFO:Creating metrics dataframe
2021-11-20 12:53:50,282:INFO:Uploading results into container
2021-11-20 12:53:50,282:INFO:Uploading model into container now
2021-11-20 12:53:50,282:INFO:create_model_container: 4
2021-11-20 12:53:50,288:INFO:master_model_container: 4
2021-11-20 12:53:50,288:INFO:display_container: 2
2021-11-20 12:53:50,288:INFO:ElasticNet(alpha=1.0, copy_X=True, fit_intercept=True, l1_ratio=0.5,
           max_iter=1000, normalize=False, positive=False, precompute=False,
           random_state=0, selection='cyclic', tol=0.0001, warm_start=False)
2021-11-20 12:53:50,288:INFO:create_model() succesfully completed......................................
2021-11-20 12:53:50,420:INFO:SubProcess create_model() end ==================================
2021-11-20 12:53:50,420:INFO:Creating metrics dataframe
2021-11-20 12:53:50,435:INFO:Initializing Least Angle Regression
2021-11-20 12:53:50,435:INFO:Total runtime is 0.11400851806004843 minutes
2021-11-20 12:53:50,451:INFO:SubProcess create_model() called ==================================
2021-11-20 12:53:50,451:INFO:Initializing create_model()
2021-11-20 12:53:50,451:INFO:create_model(estimator=lar, fold=KFold(n_splits=5, random_state=None, shuffle=False), round=4, cross_validation=True, predict=True, fit_kwargs={}, groups=None, refit=False, verbose=False, system=False, metrics=None, display=<pycaret.internal.Display.Display object at 0x000001BC7AA5A9A0>, kwargs={})
2021-11-20 12:53:50,451:INFO:Checking exceptions
2021-11-20 12:53:50,451:INFO:Importing libraries
2021-11-20 12:53:50,451:INFO:Copying training dataset
2021-11-20 12:53:50,451:INFO:Defining folds
2021-11-20 12:53:50,451:INFO:Declaring metric variables
2021-11-20 12:53:50,467:INFO:Importing untrained model
2021-11-20 12:53:50,489:INFO:Least Angle Regression Imported succesfully
2021-11-20 12:53:50,520:INFO:Starting cross validation
2021-11-20 12:53:50,520:INFO:Cross validating with KFold(n_splits=5, random_state=None, shuffle=False), n_jobs=-1
2021-11-20 12:53:50,589:INFO:Calculating mean and std
2021-11-20 12:53:50,589:INFO:Creating metrics dataframe
2021-11-20 12:53:50,589:INFO:Uploading results into container
2021-11-20 12:53:50,589:INFO:Uploading model into container now
2021-11-20 12:53:50,589:INFO:create_model_container: 5
2021-11-20 12:53:50,589:INFO:master_model_container: 5
2021-11-20 12:53:50,589:INFO:display_container: 2
2021-11-20 12:53:50,589:INFO:Lars(copy_X=True, eps=2.220446049250313e-16, fit_intercept=True, fit_path=True,
     jitter=None, n_nonzero_coefs=500, normalize=True, precompute='auto',
     random_state=0, verbose=False)
2021-11-20 12:53:50,589:INFO:create_model() succesfully completed......................................
2021-11-20 12:53:50,721:INFO:SubProcess create_model() end ==================================
2021-11-20 12:53:50,721:INFO:Creating metrics dataframe
2021-11-20 12:53:50,752:INFO:Initializing Lasso Least Angle Regression
2021-11-20 12:53:50,752:INFO:Total runtime is 0.11928286949793498 minutes
2021-11-20 12:53:50,767:INFO:SubProcess create_model() called ==================================
2021-11-20 12:53:50,767:INFO:Initializing create_model()
2021-11-20 12:53:50,767:INFO:create_model(estimator=llar, fold=KFold(n_splits=5, random_state=None, shuffle=False), round=4, cross_validation=True, predict=True, fit_kwargs={}, groups=None, refit=False, verbose=False, system=False, metrics=None, display=<pycaret.internal.Display.Display object at 0x000001BC7AA5A9A0>, kwargs={})
2021-11-20 12:53:50,767:INFO:Checking exceptions
2021-11-20 12:53:50,767:INFO:Importing libraries
2021-11-20 12:53:50,767:INFO:Copying training dataset
2021-11-20 12:53:50,767:INFO:Defining folds
2021-11-20 12:53:50,767:INFO:Declaring metric variables
2021-11-20 12:53:50,783:INFO:Importing untrained model
2021-11-20 12:53:50,790:INFO:Lasso Least Angle Regression Imported succesfully
2021-11-20 12:53:50,821:INFO:Starting cross validation
2021-11-20 12:53:50,821:INFO:Cross validating with KFold(n_splits=5, random_state=None, shuffle=False), n_jobs=-1
2021-11-20 12:53:50,905:INFO:Calculating mean and std
2021-11-20 12:53:50,905:INFO:Creating metrics dataframe
2021-11-20 12:53:50,905:INFO:Uploading results into container
2021-11-20 12:53:50,905:INFO:Uploading model into container now
2021-11-20 12:53:50,905:INFO:create_model_container: 6
2021-11-20 12:53:50,905:INFO:master_model_container: 6
2021-11-20 12:53:50,905:INFO:display_container: 2
2021-11-20 12:53:50,905:INFO:LassoLars(alpha=1.0, copy_X=True, eps=2.220446049250313e-16, fit_intercept=True,
          fit_path=True, jitter=None, max_iter=500, normalize=True,
          positive=False, precompute='auto', random_state=0, verbose=False)
2021-11-20 12:53:50,905:INFO:create_model() succesfully completed......................................
2021-11-20 12:53:51,037:INFO:SubProcess create_model() end ==================================
2021-11-20 12:53:51,037:INFO:Creating metrics dataframe
2021-11-20 12:53:51,068:INFO:Initializing K Neighbors Regressor
2021-11-20 12:53:51,068:INFO:Total runtime is 0.12455565532048544 minutes
2021-11-20 12:53:51,084:INFO:SubProcess create_model() called ==================================
2021-11-20 12:53:51,084:INFO:Initializing create_model()
2021-11-20 12:53:51,090:INFO:create_model(estimator=knn, fold=KFold(n_splits=5, random_state=None, shuffle=False), round=4, cross_validation=True, predict=True, fit_kwargs={}, groups=None, refit=False, verbose=False, system=False, metrics=None, display=<pycaret.internal.Display.Display object at 0x000001BC7AA5A9A0>, kwargs={})
2021-11-20 12:53:51,090:INFO:Checking exceptions
2021-11-20 12:53:51,090:INFO:Importing libraries
2021-11-20 12:53:51,090:INFO:Copying training dataset
2021-11-20 12:53:51,090:INFO:Defining folds
2021-11-20 12:53:51,090:INFO:Declaring metric variables
2021-11-20 12:53:51,090:INFO:Importing untrained model
2021-11-20 12:53:51,106:INFO:K Neighbors Regressor Imported succesfully
2021-11-20 12:53:51,137:INFO:Starting cross validation
2021-11-20 12:53:51,137:INFO:Cross validating with KFold(n_splits=5, random_state=None, shuffle=False), n_jobs=-1
2021-11-20 12:53:51,253:INFO:Calculating mean and std
2021-11-20 12:53:51,253:INFO:Creating metrics dataframe
2021-11-20 12:53:51,269:INFO:Uploading results into container
2021-11-20 12:53:51,269:INFO:Uploading model into container now
2021-11-20 12:53:51,269:INFO:create_model_container: 7
2021-11-20 12:53:51,269:INFO:master_model_container: 7
2021-11-20 12:53:51,269:INFO:display_container: 2
2021-11-20 12:53:51,269:INFO:KNeighborsRegressor(algorithm='auto', leaf_size=30, metric='minkowski',
                    metric_params=None, n_jobs=-1, n_neighbors=5, p=2,
                    weights='uniform')
2021-11-20 12:53:51,269:INFO:create_model() succesfully completed......................................
2021-11-20 12:53:51,407:INFO:SubProcess create_model() end ==================================
2021-11-20 12:53:51,407:INFO:Creating metrics dataframe
2021-11-20 12:53:51,422:INFO:Initializing Decision Tree Regressor
2021-11-20 12:53:51,422:INFO:Total runtime is 0.13045799334843955 minutes
2021-11-20 12:53:51,438:INFO:SubProcess create_model() called ==================================
2021-11-20 12:53:51,438:INFO:Initializing create_model()
2021-11-20 12:53:51,438:INFO:create_model(estimator=dt, fold=KFold(n_splits=5, random_state=None, shuffle=False), round=4, cross_validation=True, predict=True, fit_kwargs={}, groups=None, refit=False, verbose=False, system=False, metrics=None, display=<pycaret.internal.Display.Display object at 0x000001BC7AA5A9A0>, kwargs={})
2021-11-20 12:53:51,438:INFO:Checking exceptions
2021-11-20 12:53:51,438:INFO:Importing libraries
2021-11-20 12:53:51,438:INFO:Copying training dataset
2021-11-20 12:53:51,438:INFO:Defining folds
2021-11-20 12:53:51,438:INFO:Declaring metric variables
2021-11-20 12:53:51,454:INFO:Importing untrained model
2021-11-20 12:53:51,469:INFO:Decision Tree Regressor Imported succesfully
2021-11-20 12:53:51,507:INFO:Starting cross validation
2021-11-20 12:53:51,507:INFO:Cross validating with KFold(n_splits=5, random_state=None, shuffle=False), n_jobs=-1
2021-11-20 12:53:51,638:INFO:Calculating mean and std
2021-11-20 12:53:51,638:INFO:Creating metrics dataframe
2021-11-20 12:53:51,638:INFO:Uploading results into container
2021-11-20 12:53:51,638:INFO:Uploading model into container now
2021-11-20 12:53:51,638:INFO:create_model_container: 8
2021-11-20 12:53:51,638:INFO:master_model_container: 8
2021-11-20 12:53:51,638:INFO:display_container: 2
2021-11-20 12:53:51,654:INFO:DecisionTreeRegressor(ccp_alpha=0.0, criterion='mse', max_depth=None,
                      max_features=None, max_leaf_nodes=None,
                      min_impurity_decrease=0.0, min_impurity_split=None,
                      min_samples_leaf=1, min_samples_split=2,
                      min_weight_fraction_leaf=0.0, presort='deprecated',
                      random_state=0, splitter='best')
2021-11-20 12:53:51,654:INFO:create_model() succesfully completed......................................
2021-11-20 12:53:51,770:INFO:SubProcess create_model() end ==================================
2021-11-20 12:53:51,770:INFO:Creating metrics dataframe
2021-11-20 12:53:51,808:INFO:Initializing Random Forest Regressor
2021-11-20 12:53:51,808:INFO:Total runtime is 0.13688107331593832 minutes
2021-11-20 12:53:51,808:INFO:SubProcess create_model() called ==================================
2021-11-20 12:53:51,808:INFO:Initializing create_model()
2021-11-20 12:53:51,823:INFO:create_model(estimator=rf, fold=KFold(n_splits=5, random_state=None, shuffle=False), round=4, cross_validation=True, predict=True, fit_kwargs={}, groups=None, refit=False, verbose=False, system=False, metrics=None, display=<pycaret.internal.Display.Display object at 0x000001BC7AA5A9A0>, kwargs={})
2021-11-20 12:53:51,823:INFO:Checking exceptions
2021-11-20 12:53:51,823:INFO:Importing libraries
2021-11-20 12:53:51,823:INFO:Copying training dataset
2021-11-20 12:53:51,823:INFO:Defining folds
2021-11-20 12:53:51,823:INFO:Declaring metric variables
2021-11-20 12:53:51,823:INFO:Importing untrained model
2021-11-20 12:53:51,855:INFO:Random Forest Regressor Imported succesfully
2021-11-20 12:53:51,870:INFO:Starting cross validation
2021-11-20 12:53:51,870:INFO:Cross validating with KFold(n_splits=5, random_state=None, shuffle=False), n_jobs=-1
2021-11-20 12:53:56,136:INFO:Calculating mean and std
2021-11-20 12:53:56,136:INFO:Creating metrics dataframe
2021-11-20 12:53:56,136:INFO:Uploading results into container
2021-11-20 12:53:56,136:INFO:Uploading model into container now
2021-11-20 12:53:56,136:INFO:create_model_container: 9
2021-11-20 12:53:56,136:INFO:master_model_container: 9
2021-11-20 12:53:56,136:INFO:display_container: 2
2021-11-20 12:53:56,136:INFO:RandomForestRegressor(bootstrap=True, ccp_alpha=0.0, criterion='mse',
                      max_depth=None, max_features='auto', max_leaf_nodes=None,
                      max_samples=None, min_impurity_decrease=0.0,
                      min_impurity_split=None, min_samples_leaf=1,
                      min_samples_split=2, min_weight_fraction_leaf=0.0,
                      n_estimators=100, n_jobs=-1, oob_score=False,
                      random_state=0, verbose=0, warm_start=False)
2021-11-20 12:53:56,136:INFO:create_model() succesfully completed......................................
2021-11-20 12:53:56,267:INFO:SubProcess create_model() end ==================================
2021-11-20 12:53:56,267:INFO:Creating metrics dataframe
2021-11-20 12:53:56,298:INFO:Initializing Extra Trees Regressor
2021-11-20 12:53:56,298:INFO:Total runtime is 0.21172678073247275 minutes
2021-11-20 12:53:56,314:INFO:SubProcess create_model() called ==================================
2021-11-20 12:53:56,314:INFO:Initializing create_model()
2021-11-20 12:53:56,314:INFO:create_model(estimator=et, fold=KFold(n_splits=5, random_state=None, shuffle=False), round=4, cross_validation=True, predict=True, fit_kwargs={}, groups=None, refit=False, verbose=False, system=False, metrics=None, display=<pycaret.internal.Display.Display object at 0x000001BC7AA5A9A0>, kwargs={})
2021-11-20 12:53:56,314:INFO:Checking exceptions
2021-11-20 12:53:56,314:INFO:Importing libraries
2021-11-20 12:53:56,314:INFO:Copying training dataset
2021-11-20 12:53:56,314:INFO:Defining folds
2021-11-20 12:53:56,314:INFO:Declaring metric variables
2021-11-20 12:53:56,330:INFO:Importing untrained model
2021-11-20 12:53:56,336:INFO:Extra Trees Regressor Imported succesfully
2021-11-20 12:53:56,367:INFO:Starting cross validation
2021-11-20 12:53:56,367:INFO:Cross validating with KFold(n_splits=5, random_state=None, shuffle=False), n_jobs=-1
2021-11-20 12:53:59,078:INFO:Calculating mean and std
2021-11-20 12:53:59,078:INFO:Creating metrics dataframe
2021-11-20 12:53:59,078:INFO:Uploading results into container
2021-11-20 12:53:59,078:INFO:Uploading model into container now
2021-11-20 12:53:59,078:INFO:create_model_container: 10
2021-11-20 12:53:59,078:INFO:master_model_container: 10
2021-11-20 12:53:59,078:INFO:display_container: 2
2021-11-20 12:53:59,078:INFO:ExtraTreesRegressor(bootstrap=False, ccp_alpha=0.0, criterion='mse',
                    max_depth=None, max_features='auto', max_leaf_nodes=None,
                    max_samples=None, min_impurity_decrease=0.0,
                    min_impurity_split=None, min_samples_leaf=1,
                    min_samples_split=2, min_weight_fraction_leaf=0.0,
                    n_estimators=100, n_jobs=-1, oob_score=False,
                    random_state=0, verbose=0, warm_start=False)
2021-11-20 12:53:59,078:INFO:create_model() succesfully completed......................................
2021-11-20 12:53:59,212:INFO:SubProcess create_model() end ==================================
2021-11-20 12:53:59,212:INFO:Creating metrics dataframe
2021-11-20 12:53:59,240:INFO:Initializing AdaBoost Regressor
2021-11-20 12:53:59,242:INFO:Total runtime is 0.2607940038045248 minutes
2021-11-20 12:53:59,251:INFO:SubProcess create_model() called ==================================
2021-11-20 12:53:59,251:INFO:Initializing create_model()
2021-11-20 12:53:59,251:INFO:create_model(estimator=ada, fold=KFold(n_splits=5, random_state=None, shuffle=False), round=4, cross_validation=True, predict=True, fit_kwargs={}, groups=None, refit=False, verbose=False, system=False, metrics=None, display=<pycaret.internal.Display.Display object at 0x000001BC7AA5A9A0>, kwargs={})
2021-11-20 12:53:59,251:INFO:Checking exceptions
2021-11-20 12:53:59,251:INFO:Importing libraries
2021-11-20 12:53:59,251:INFO:Copying training dataset
2021-11-20 12:53:59,251:INFO:Defining folds
2021-11-20 12:53:59,251:INFO:Declaring metric variables
2021-11-20 12:53:59,261:INFO:Importing untrained model
2021-11-20 12:53:59,276:INFO:AdaBoost Regressor Imported succesfully
2021-11-20 12:53:59,307:INFO:Starting cross validation
2021-11-20 12:53:59,307:INFO:Cross validating with KFold(n_splits=5, random_state=None, shuffle=False), n_jobs=-1
2021-11-20 12:53:59,906:INFO:Calculating mean and std
2021-11-20 12:53:59,906:INFO:Creating metrics dataframe
2021-11-20 12:53:59,914:INFO:Uploading results into container
2021-11-20 12:53:59,914:INFO:Uploading model into container now
2021-11-20 12:53:59,914:INFO:create_model_container: 11
2021-11-20 12:53:59,914:INFO:master_model_container: 11
2021-11-20 12:53:59,914:INFO:display_container: 2
2021-11-20 12:53:59,914:INFO:AdaBoostRegressor(base_estimator=None, learning_rate=1.0, loss='linear',
                  n_estimators=50, random_state=0)
2021-11-20 12:53:59,914:INFO:create_model() succesfully completed......................................
2021-11-20 12:54:00,037:INFO:SubProcess create_model() end ==================================
2021-11-20 12:54:00,037:INFO:Creating metrics dataframe
2021-11-20 12:54:00,068:INFO:Initializing Gradient Boosting Regressor
2021-11-20 12:54:00,068:INFO:Total runtime is 0.2745478749275208 minutes
2021-11-20 12:54:00,076:INFO:SubProcess create_model() called ==================================
2021-11-20 12:54:00,076:INFO:Initializing create_model()
2021-11-20 12:54:00,076:INFO:create_model(estimator=gbr, fold=KFold(n_splits=5, random_state=None, shuffle=False), round=4, cross_validation=True, predict=True, fit_kwargs={}, groups=None, refit=False, verbose=False, system=False, metrics=None, display=<pycaret.internal.Display.Display object at 0x000001BC7AA5A9A0>, kwargs={})
2021-11-20 12:54:00,076:INFO:Checking exceptions
2021-11-20 12:54:00,076:INFO:Importing libraries
2021-11-20 12:54:00,076:INFO:Copying training dataset
2021-11-20 12:54:00,076:INFO:Defining folds
2021-11-20 12:54:00,076:INFO:Declaring metric variables
2021-11-20 12:54:00,086:INFO:Importing untrained model
2021-11-20 12:54:00,101:INFO:Gradient Boosting Regressor Imported succesfully
2021-11-20 12:54:00,133:INFO:Starting cross validation
2021-11-20 12:54:00,133:INFO:Cross validating with KFold(n_splits=5, random_state=None, shuffle=False), n_jobs=-1
2021-11-20 12:54:01,779:INFO:Calculating mean and std
2021-11-20 12:54:01,779:INFO:Creating metrics dataframe
2021-11-20 12:54:01,787:INFO:Uploading results into container
2021-11-20 12:54:01,787:INFO:Uploading model into container now
2021-11-20 12:54:01,787:INFO:create_model_container: 12
2021-11-20 12:54:01,787:INFO:master_model_container: 12
2021-11-20 12:54:01,787:INFO:display_container: 2
2021-11-20 12:54:01,787:INFO:GradientBoostingRegressor(alpha=0.9, ccp_alpha=0.0, criterion='friedman_mse',
                          init=None, learning_rate=0.1, loss='ls', max_depth=3,
                          max_features=None, max_leaf_nodes=None,
                          min_impurity_decrease=0.0, min_impurity_split=None,
                          min_samples_leaf=1, min_samples_split=2,
                          min_weight_fraction_leaf=0.0, n_estimators=100,
                          n_iter_no_change=None, presort='deprecated',
                          random_state=0, subsample=1.0, tol=0.0001,
                          validation_fraction=0.1, verbose=0, warm_start=False)
2021-11-20 12:54:01,787:INFO:create_model() succesfully completed......................................
2021-11-20 12:54:01,910:INFO:SubProcess create_model() end ==================================
2021-11-20 12:54:01,910:INFO:Creating metrics dataframe
2021-11-20 12:54:01,959:INFO:Initializing create_model()
2021-11-20 12:54:01,959:INFO:create_model(estimator=ExtraTreesRegressor(bootstrap=False, ccp_alpha=0.0, criterion='mse',
                    max_depth=None, max_features='auto', max_leaf_nodes=None,
                    max_samples=None, min_impurity_decrease=0.0,
                    min_impurity_split=None, min_samples_leaf=1,
                    min_samples_split=2, min_weight_fraction_leaf=0.0,
                    n_estimators=100, n_jobs=-1, oob_score=False,
                    random_state=0, verbose=0, warm_start=False), fold=KFold(n_splits=5, random_state=None, shuffle=False), round=4, cross_validation=False, predict=False, fit_kwargs={}, groups=None, refit=True, verbose=False, system=False, metrics=None, display=None, kwargs={})
2021-11-20 12:54:01,959:INFO:Checking exceptions
2021-11-20 12:54:01,959:INFO:Importing libraries
2021-11-20 12:54:01,959:INFO:Copying training dataset
2021-11-20 12:54:01,959:INFO:Defining folds
2021-11-20 12:54:01,959:INFO:Declaring metric variables
2021-11-20 12:54:01,959:INFO:Importing untrained model
2021-11-20 12:54:01,959:INFO:Declaring custom model
2021-11-20 12:54:01,959:INFO:Extra Trees Regressor Imported succesfully
2021-11-20 12:54:01,959:INFO:Cross validation set to False
2021-11-20 12:54:01,959:INFO:Fitting Model
2021-11-20 12:54:02,676:INFO:ExtraTreesRegressor(bootstrap=False, ccp_alpha=0.0, criterion='mse',
                    max_depth=None, max_features='auto', max_leaf_nodes=None,
                    max_samples=None, min_impurity_decrease=0.0,
                    min_impurity_split=None, min_samples_leaf=1,
                    min_samples_split=2, min_weight_fraction_leaf=0.0,
                    n_estimators=100, n_jobs=-1, oob_score=False,
                    random_state=0, verbose=0, warm_start=False)
2021-11-20 12:54:02,676:INFO:create_models() succesfully completed......................................
2021-11-20 12:54:02,854:INFO:create_model_container: 12
2021-11-20 12:54:02,854:INFO:master_model_container: 12
2021-11-20 12:54:02,854:INFO:display_container: 2
2021-11-20 12:54:02,854:INFO:ExtraTreesRegressor(bootstrap=False, ccp_alpha=0.0, criterion='mse',
                    max_depth=None, max_features='auto', max_leaf_nodes=None,
                    max_samples=None, min_impurity_decrease=0.0,
                    min_impurity_split=None, min_samples_leaf=1,
                    min_samples_split=2, min_weight_fraction_leaf=0.0,
                    n_estimators=100, n_jobs=-1, oob_score=False,
                    random_state=0, verbose=0, warm_start=False)
2021-11-20 12:54:02,854:INFO:compare_models() succesfully completed......................................
2021-11-20 12:54:02,877:INFO:Initializing create_model()
2021-11-20 12:54:02,877:INFO:create_model(estimator=et, fold=None, round=4, cross_validation=True, predict=True, fit_kwargs=None, groups=None, refit=True, verbose=True, system=True, metrics=None, display=None, kwargs={})
2021-11-20 12:54:02,877:INFO:Checking exceptions
2021-11-20 12:54:02,877:INFO:Preparing display monitor
2021-11-20 12:54:02,908:INFO:Importing libraries
2021-11-20 12:54:02,908:INFO:Copying training dataset
2021-11-20 12:54:02,908:INFO:Defining folds
2021-11-20 12:54:02,908:INFO:Declaring metric variables
2021-11-20 12:54:02,923:INFO:Importing untrained model
2021-11-20 12:54:02,939:INFO:Extra Trees Regressor Imported succesfully
2021-11-20 12:54:02,977:INFO:Starting cross validation
2021-11-20 12:54:02,977:INFO:Cross validating with KFold(n_splits=10, random_state=None, shuffle=False), n_jobs=-1
2021-11-20 12:54:08,723:INFO:Calculating mean and std
2021-11-20 12:54:08,723:INFO:Creating metrics dataframe
2021-11-20 12:54:08,739:INFO:Finalizing model
2021-11-20 12:54:09,425:INFO:Uploading results into container
2021-11-20 12:54:09,425:INFO:Uploading model into container now
2021-11-20 12:54:09,440:INFO:create_model_container: 13
2021-11-20 12:54:09,440:INFO:master_model_container: 13
2021-11-20 12:54:09,440:INFO:display_container: 3
2021-11-20 12:54:09,440:INFO:ExtraTreesRegressor(bootstrap=False, ccp_alpha=0.0, criterion='mse',
                    max_depth=None, max_features='auto', max_leaf_nodes=None,
                    max_samples=None, min_impurity_decrease=0.0,
                    min_impurity_split=None, min_samples_leaf=1,
                    min_samples_split=2, min_weight_fraction_leaf=0.0,
                    n_estimators=100, n_jobs=-1, oob_score=False,
                    random_state=0, verbose=0, warm_start=False)
2021-11-20 12:54:09,440:INFO:create_model() succesfully completed......................................
2021-11-20 12:54:09,619:INFO:Initializing plot_model()
2021-11-20 12:54:09,619:INFO:plot_model(plot=residuals, fold=None, use_train_data=False, verbose=True, is_in_evaluate=False, display=None, display_format=None, estimator=ExtraTreesRegressor(bootstrap=False, ccp_alpha=0.0, criterion='mse',
                    max_depth=None, max_features='auto', max_leaf_nodes=None,
                    max_samples=None, min_impurity_decrease=0.0,
                    min_impurity_split=None, min_samples_leaf=1,
                    min_samples_split=2, min_weight_fraction_leaf=0.0,
                    n_estimators=100, n_jobs=-1, oob_score=False,
                    random_state=0, verbose=0, warm_start=False), feature_name=None, fit_kwargs=None, groups=None, label=False, save=False, scale=1, system=True)
2021-11-20 12:54:09,625:INFO:Checking exceptions
2021-11-20 12:54:09,656:INFO:Preparing display monitor
2021-11-20 12:54:09,656:INFO:Preloading libraries
2021-11-20 12:54:09,804:INFO:Copying training dataset
2021-11-20 12:54:09,819:INFO:Copying test dataset
2021-11-20 12:54:09,819:INFO:Plot type: residuals
2021-11-20 12:54:09,957:INFO:Fitting Model
2021-11-20 12:54:10,142:INFO:Scoring test/hold-out set
2021-11-20 12:54:11,268:INFO:Visual Rendered Successfully
2021-11-20 12:54:11,421:INFO:plot_model() succesfully completed......................................
2021-11-20 12:54:11,453:INFO:Initializing plot_model()
2021-11-20 12:54:11,453:INFO:plot_model(plot=error, fold=None, use_train_data=False, verbose=True, is_in_evaluate=False, display=None, display_format=None, estimator=ExtraTreesRegressor(bootstrap=False, ccp_alpha=0.0, criterion='mse',
                    max_depth=None, max_features='auto', max_leaf_nodes=None,
                    max_samples=None, min_impurity_decrease=0.0,
                    min_impurity_split=None, min_samples_leaf=1,
                    min_samples_split=2, min_weight_fraction_leaf=0.0,
                    n_estimators=100, n_jobs=-1, oob_score=False,
                    random_state=0, verbose=0, warm_start=False), feature_name=None, fit_kwargs=None, groups=None, label=False, save=False, scale=1, system=True)
2021-11-20 12:54:11,453:INFO:Checking exceptions
2021-11-20 12:54:11,484:INFO:Preparing display monitor
2021-11-20 12:54:11,484:INFO:Preloading libraries
2021-11-20 12:54:11,638:INFO:Copying training dataset
2021-11-20 12:54:11,638:INFO:Copying test dataset
2021-11-20 12:54:11,653:INFO:Plot type: error
2021-11-20 12:54:11,700:INFO:Fitting Model
2021-11-20 12:54:11,700:INFO:Scoring test/hold-out set
2021-11-20 12:54:12,215:INFO:Visual Rendered Successfully
2021-11-20 12:54:12,362:INFO:plot_model() succesfully completed......................................
2021-11-20 12:54:12,393:INFO:Initializing plot_model()
2021-11-20 12:54:12,393:INFO:plot_model(plot=feature, fold=None, use_train_data=False, verbose=True, is_in_evaluate=False, display=None, display_format=None, estimator=ExtraTreesRegressor(bootstrap=False, ccp_alpha=0.0, criterion='mse',
                    max_depth=None, max_features='auto', max_leaf_nodes=None,
                    max_samples=None, min_impurity_decrease=0.0,
                    min_impurity_split=None, min_samples_leaf=1,
                    min_samples_split=2, min_weight_fraction_leaf=0.0,
                    n_estimators=100, n_jobs=-1, oob_score=False,
                    random_state=0, verbose=0, warm_start=False), feature_name=None, fit_kwargs=None, groups=None, label=False, save=False, scale=1, system=True)
2021-11-20 12:54:12,393:INFO:Checking exceptions
2021-11-20 12:54:12,431:INFO:Preparing display monitor
2021-11-20 12:54:12,431:INFO:Preloading libraries
2021-11-20 12:54:12,578:INFO:Copying training dataset
2021-11-20 12:54:12,594:INFO:Copying test dataset
2021-11-20 12:54:12,594:INFO:Plot type: feature
2021-11-20 12:54:12,631:WARNING:No coef_ found. Trying feature_importances_
2021-11-20 12:54:12,863:INFO:Visual Rendered Successfully
2021-11-20 12:54:12,995:INFO:plot_model() succesfully completed......................................
2021-11-20 12:54:13,033:INFO:Initializing evaluate_model()
2021-11-20 12:54:13,033:INFO:evaluate_model(estimator=ExtraTreesRegressor(bootstrap=False, ccp_alpha=0.0, criterion='mse',
                    max_depth=None, max_features='auto', max_leaf_nodes=None,
                    max_samples=None, min_impurity_decrease=0.0,
                    min_impurity_split=None, min_samples_leaf=1,
                    min_samples_split=2, min_weight_fraction_leaf=0.0,
                    n_estimators=100, n_jobs=-1, oob_score=False,
                    random_state=0, verbose=0, warm_start=False), fold=None, fit_kwargs=None, feature_name=None, groups=None, use_train_data=False)
2021-11-20 12:54:13,064:INFO:Initializing plot_model()
2021-11-20 12:54:13,064:INFO:plot_model(plot=parameter, fold=KFold(n_splits=10, random_state=None, shuffle=False), use_train_data=False, verbose=True, is_in_evaluate=True, display=None, display_format=None, estimator=ExtraTreesRegressor(bootstrap=False, ccp_alpha=0.0, criterion='mse',
                    max_depth=None, max_features='auto', max_leaf_nodes=None,
                    max_samples=None, min_impurity_decrease=0.0,
                    min_impurity_split=None, min_samples_leaf=1,
                    min_samples_split=2, min_weight_fraction_leaf=0.0,
                    n_estimators=100, n_jobs=-1, oob_score=False,
                    random_state=0, verbose=0, warm_start=False), feature_name=None, fit_kwargs={}, groups=None, label=False, save=False, scale=1, system=True)
2021-11-20 12:54:13,064:INFO:Checking exceptions
2021-11-20 12:54:13,095:INFO:Preparing display monitor
2021-11-20 12:54:13,111:INFO:Preloading libraries
2021-11-20 12:54:13,264:INFO:Copying training dataset
2021-11-20 12:54:13,264:INFO:Copying test dataset
2021-11-20 12:54:13,264:INFO:Plot type: parameter
2021-11-20 12:54:13,333:INFO:Visual Rendered Successfully
2021-11-20 12:54:13,465:INFO:plot_model() succesfully completed......................................
2021-11-20 12:54:13,496:INFO:Initializing predict_model()
2021-11-20 12:54:13,496:INFO:predict_model(estimator=ExtraTreesRegressor(bootstrap=False, ccp_alpha=0.0, criterion='mse',
                    max_depth=None, max_features='auto', max_leaf_nodes=None,
                    max_samples=None, min_impurity_decrease=0.0,
                    min_impurity_split=None, min_samples_leaf=1,
                    min_samples_split=2, min_weight_fraction_leaf=0.0,
                    n_estimators=100, n_jobs=-1, oob_score=False,
                    random_state=0, verbose=0, warm_start=False), probability_threshold=None, encoded_labels=True, raw_score=False, round=4, verbose=True, ml_usecase=MLUsecase.REGRESSION, display=None)
2021-11-20 12:54:13,496:INFO:Checking exceptions
2021-11-20 12:54:13,496:INFO:Preloading libraries
2021-11-20 12:54:13,496:INFO:Preparing display monitor
